#
# A fatal error has been detected by the Java Runtime Environment:
#
#  EXCEPTION_ACCESS_VIOLATION (0xc0000005) at pc=0x0000000000000000, pid=13068, tid=1608
#
# JRE version: OpenJDK Runtime Environment AdoptOpenJDK-11.0.11+9 (11.0.11+9) (build 11.0.11+9)
# Java VM: OpenJDK 64-Bit Server VM AdoptOpenJDK-11.0.11+9 (11.0.11+9, mixed mode, tiered, compressed oops, g1 gc, windows-amd64)
# Problematic frame:
# C  0x0000000000000000
#
# No core dump will be written. Minidumps are not enabled by default on client versions of Windows
#
# If you would like to submit a bug report, please visit:
#   https://github.com/AdoptOpenJDK/openjdk-support/issues
# The crash happened outside the Java Virtual Machine in native code.
# See problematic frame for where to report the bug.
#

---------------  S U M M A R Y ------------

Command Line: futuristicbio.biometrics.Login_Frame

Host: Intel(R) Core(TM) i7-10510U CPU @ 1.80GHz, 8 cores, 7G,  Windows 10 , 64 bit Build 19041 (10.0.19041.1202)
Time: Mon Sep 27 15:06:22 2021 E. Africa Standard Time elapsed time: 110.812242 seconds (0d 0h 1m 50s)

---------------  T H R E A D  ---------------

Current thread (0x000002b520e19800):  JavaThread "AWT-EventQueue-0" [_thread_in_native, id=1608, stack(0x000000cc1b500000,0x000000cc1b600000)]

Stack: [0x000000cc1b500000,0x000000cc1b600000],  sp=0x000000cc1b5fcca8,  free space=1011k
Native frames: (J=compiled Java code, j=interpreted, Vv=VM code, C=native code)

Java frames: (J=compiled Java code, j=interpreted, Vv=VM code)
j  com.morpho.mbop.api.MBOP_WrapJavaJNI.CoreInternal_Close(JLcom/morpho/mbop/api/CoreInternal;)V+0
j  com.morpho.mbop.api.CoreInternal.Close()V+5
j  com.morpho.mbop.api.Core.Close()V+11
j  futuristicbio.biometrics.OptionsFrame.stopExample()V+58
j  futuristicbio.biometrics.OptionsFrame$FingeScannerBackgroundWorker.process(Ljava/util/List;)V+43
j  javax.swing.SwingWorker$3.run(Ljava/util/List;)V+5 java.desktop@11.0.11
j  sun.swing.AccumulativeRunnable.run()V+5 java.desktop@11.0.11
j  javax.swing.SwingWorker$DoSubmitAccumulativeRunnable.run(Ljava/util/List;)V+27 java.desktop@11.0.11
j  sun.swing.AccumulativeRunnable.run()V+5 java.desktop@11.0.11
j  javax.swing.SwingWorker$DoSubmitAccumulativeRunnable.actionPerformed(Ljava/awt/event/ActionEvent;)V+1 java.desktop@11.0.11
j  javax.swing.Timer.fireActionPerformed(Ljava/awt/event/ActionEvent;)V+34 java.desktop@11.0.11
j  javax.swing.Timer$DoPostEvent.run()V+61 java.desktop@11.0.11
J 2688 c1 java.awt.event.InvocationEvent.dispatch()V java.desktop@11.0.11 (69 bytes) @ 0x000002b50a5413ac [0x000002b50a5411a0+0x000000000000020c]
J 1820 c1 java.awt.EventQueue.dispatchEventImpl(Ljava/awt/AWTEvent;Ljava/lang/Object;)V java.desktop@11.0.11 (136 bytes) @ 0x000002b50a33c07c [0x000002b50a33a840+0x000000000000183c]
J 1819 c1 java.awt.EventQueue$4.run()Ljava/lang/Void; java.desktop@11.0.11 (60 bytes) @ 0x000002b50a33a12c [0x000002b50a33a000+0x000000000000012c]
J 1818 c1 java.awt.EventQueue$4.run()Ljava/lang/Object; java.desktop@11.0.11 (5 bytes) @ 0x000002b50a3397c4 [0x000002b50a339740+0x0000000000000084]
v  ~StubRoutines::call_stub
J 1523  java.security.AccessController.doPrivileged(Ljava/security/PrivilegedAction;Ljava/security/AccessControlContext;)Ljava/lang/Object; java.base@11.0.11 (0 bytes) @ 0x000002b511586da6 [0x000002b511586d40+0x0000000000000066]
J 1694 c1 java.awt.EventQueue.dispatchEvent(Ljava/awt/AWTEvent;)V java.desktop@11.0.11 (80 bytes) @ 0x000002b50a30273c [0x000002b50a302020+0x000000000000071c]
J 1700 c1 java.awt.EventDispatchThread.pumpOneEventForFilters(I)V java.desktop@11.0.11 (113 bytes) @ 0x000002b50a308fb4 [0x000002b50a3088a0+0x0000000000000714]
j  java.awt.EventDispatchThread.pumpEventsForFilter(ILjava/awt/Conditional;Ljava/awt/EventFilter;)V+35 java.desktop@11.0.11
j  java.awt.EventDispatchThread.pumpEventsForHierarchy(ILjava/awt/Conditional;Ljava/awt/Component;)V+11 java.desktop@11.0.11
j  java.awt.EventDispatchThread.pumpEvents(ILjava/awt/Conditional;)V+4 java.desktop@11.0.11
j  java.awt.EventDispatchThread.pumpEvents(Ljava/awt/Conditional;)V+3 java.desktop@11.0.11
j  java.awt.EventDispatchThread.run()V+9 java.desktop@11.0.11
v  ~StubRoutines::call_stub

siginfo: EXCEPTION_ACCESS_VIOLATION (0xc0000005), data execution prevention violation at address 0x0000000000000000


Register to memory mapping:

RIP=0x0 is NULL
RAX=0x000000cc1b5fcd60 is pointing into the stack for thread: 0x000002b520e19800
RBX=0x000002b527e36b90 points into unknown readable memory: 0x000002b527e36ad0 | d0 6a e3 27 b5 02 00 00
RCX=0x000002b527e394c0 points into unknown readable memory: 0x000002b527e3a3b0 | b0 a3 e3 27 b5 02 00 00
RDX=0x0000000000000004 is an unknown value
RSP=0x000000cc1b5fcca8 is pointing into the stack for thread: 0x000002b520e19800
RBP=0x000000cc1b5fd0f0 is pointing into the stack for thread: 0x000002b520e19800
RSI=0x000000cc1b5fcd60 is pointing into the stack for thread: 0x000002b520e19800
RDI=0x000000cc1b5fcd00 is pointing into the stack for thread: 0x000002b520e19800
R8 =0x000000000000037c is an unknown value
R9 =0x000000cc1b5fcd60 is pointing into the stack for thread: 0x000002b520e19800
R10=0x000002b527e3a3b0 points into unknown readable memory: 0x000002b5291ef5b0 | b0 f5 1e 29 b5 02 00 00
R11=0x000002b527e3d910 points into unknown readable memory: 0x6f532f2e2e2f2e2e | 2e 2e 2f 2e 2e 2f 53 6f
R12=0x000000cc1b5fcd28 is pointing into the stack for thread: 0x000002b520e19800
R13=0x000002b527e36ad0 points into unknown readable memory: 0x000002b527e36b90 | 90 6b e3 27 b5 02 00 00
R14=0x000002b527e394c0 points into unknown readable memory: 0x000002b527e3a3b0 | b0 a3 e3 27 b5 02 00 00
R15=0x000000cc1b5fcd00 is pointing into the stack for thread: 0x000002b520e19800


Registers:
RAX=0x000000cc1b5fcd60, RBX=0x000002b527e36b90, RCX=0x000002b527e394c0, RDX=0x0000000000000004
RSP=0x000000cc1b5fcca8, RBP=0x000000cc1b5fd0f0, RSI=0x000000cc1b5fcd60, RDI=0x000000cc1b5fcd00
R8 =0x000000000000037c, R9 =0x000000cc1b5fcd60, R10=0x000002b527e3a3b0, R11=0x000002b527e3d910
R12=0x000000cc1b5fcd28, R13=0x000002b527e36ad0, R14=0x000002b527e394c0, R15=0x000000cc1b5fcd00
RIP=0x0000000000000000, EFLAGS=0x0000000000010206

Top of Stack: (sp=0x000000cc1b5fcca8)
0x000000cc1b5fcca8:   00007fff557abb67 000002b527e36b90
0x000000cc1b5fccb8:   000002b527e36ad0 000002b50000037a
0x000000cc1b5fccc8:   000000cc1b5fcd60 000000cc1b5fcd28
0x000000cc1b5fccd8:   000002b527e3d790 000000cc1b5fcd00
0x000000cc1b5fcce8:   000002b527e36ad0 000000cc1b5fcd00
0x000000cc1b5fccf8:   000002b527e36b90 000000cc1b5fd0f0
0x000000cc1b5fcd08:   000002b527e36ad0 0000000000000001
0x000000cc1b5fcd18:   0000000000000000 000000000000000f
0x000000cc1b5fcd28:   0000000063ef6dfb 000002b527e3d070
0x000000cc1b5fcd38:   0000000000000000 0000000000000034
0x000000cc1b5fcd48:   000000000000003f fffffffffffffffe
0x000000cc1b5fcd58:   00007fffaa9347b1 000002b527e3e778
0x000000cc1b5fcd68:   000002b527e3d910 000000cc1b5fd0f0
0x000000cc1b5fcd78:   000000000000002a 000000000000002f
0x000000cc1b5fcd88:   00007fff55895bd1 000002b527e3e770
0x000000cc1b5fcd98:   0000000063ef6dfb 0000000000000001 

Instructions: (pc=0x0000000000000000)
0xffffffffffffff00:   


Stack slot to memory mapping:
stack at sp + 0 slots: 0x00007fff557abb67 morphobop.dll
stack at sp + 1 slots: 0x000002b527e36b90 points into unknown readable memory: 0x000002b527e36ad0 | d0 6a e3 27 b5 02 00 00
stack at sp + 2 slots: 0x000002b527e36ad0 points into unknown readable memory: 0x000002b527e36b90 | 90 6b e3 27 b5 02 00 00
stack at sp + 3 slots: 0x000002b50000037a points into unknown readable memory: 00 00 00 00 00 00
stack at sp + 4 slots: 0x000000cc1b5fcd60 is pointing into the stack for thread: 0x000002b520e19800
stack at sp + 5 slots: 0x000000cc1b5fcd28 is pointing into the stack for thread: 0x000002b520e19800
stack at sp + 6 slots: 0x000002b527e3d790 points into unknown readable memory: 0x00007fff56072c70 | 70 2c 07 56 ff 7f 00 00
stack at sp + 7 slots: 0x000000cc1b5fcd00 is pointing into the stack for thread: 0x000002b520e19800


---------------  P R O C E S S  ---------------

Threads class SMR info:
_java_thread_list=0x000002b5224dbbf0, length=17, elements={
0x000002b51feb5800, 0x000002b51fee4000, 0x000002b51fef6000, 0x000002b51fef7800,
0x000002b51fef8800, 0x000002b51fefc000, 0x000002b51ff02800, 0x000002b51ff03800,
0x000002b5209c0800, 0x000002b520dc2800, 0x000002b520dcb000, 0x000002b520dce000,
0x000002b520e19800, 0x000002b57ef70000, 0x000002b522720000, 0x000002b52128a000,
0x000002b5266f1800
}

Java Threads: ( => current thread )
  0x000002b51feb5800 JavaThread "Reference Handler" daemon [_thread_blocked, id=10488, stack(0x000000cc1a800000,0x000000cc1a900000)]
  0x000002b51fee4000 JavaThread "Finalizer" daemon [_thread_blocked, id=15108, stack(0x000000cc1a900000,0x000000cc1aa00000)]
  0x000002b51fef6000 JavaThread "Signal Dispatcher" daemon [_thread_blocked, id=6744, stack(0x000000cc1aa00000,0x000000cc1ab00000)]
  0x000002b51fef7800 JavaThread "Attach Listener" daemon [_thread_blocked, id=9156, stack(0x000000cc1ab00000,0x000000cc1ac00000)]
  0x000002b51fef8800 JavaThread "Service Thread" daemon [_thread_blocked, id=8996, stack(0x000000cc1ac00000,0x000000cc1ad00000)]
  0x000002b51fefc000 JavaThread "C2 CompilerThread0" daemon [_thread_blocked, id=14020, stack(0x000000cc1ad00000,0x000000cc1ae00000)]
  0x000002b51ff02800 JavaThread "C1 CompilerThread0" daemon [_thread_blocked, id=10688, stack(0x000000cc1ae00000,0x000000cc1af00000)]
  0x000002b51ff03800 JavaThread "Sweeper thread" daemon [_thread_blocked, id=12848, stack(0x000000cc1af00000,0x000000cc1b000000)]
  0x000002b5209c0800 JavaThread "Common-Cleaner" daemon [_thread_blocked, id=7896, stack(0x000000cc1b100000,0x000000cc1b200000)]
  0x000002b520dc2800 JavaThread "Java2D Disposer" daemon [_thread_blocked, id=8260, stack(0x000000cc1b200000,0x000000cc1b300000)]
  0x000002b520dcb000 JavaThread "AWT-Shutdown" [_thread_blocked, id=3068, stack(0x000000cc1b300000,0x000000cc1b400000)]
  0x000002b520dce000 JavaThread "AWT-Windows" daemon [_thread_in_native, id=3948, stack(0x000000cc1b400000,0x000000cc1b500000)]
=>0x000002b520e19800 JavaThread "AWT-EventQueue-0" [_thread_in_native, id=1608, stack(0x000000cc1b500000,0x000000cc1b600000)]
  0x000002b57ef70000 JavaThread "DestroyJavaVM" [_thread_blocked, id=12148, stack(0x000000cc1a100000,0x000000cc1a200000)]
  0x000002b522720000 JavaThread "TimerQueue" daemon [_thread_blocked, id=9300, stack(0x000000cc1ba00000,0x000000cc1bb00000)]
  0x000002b52128a000 JavaThread "mysql-cj-abandoned-connection-cleanup" daemon [_thread_blocked, id=7052, stack(0x000000cc1b600000,0x000000cc1b700000)]
  0x000002b5266f1800 JavaThread "SwingWorker-pool-1-thread-1" daemon [_thread_blocked, id=10344, stack(0x000000cc1c800000,0x000000cc1c900000)]

Other Threads:
  0x000002b51feb4000 VMThread "VM Thread" [stack: 0x000000cc1a700000,0x000000cc1a800000] [id=7328]
  0x000002b5209b8800 WatcherThread [stack: 0x000000cc1b000000,0x000000cc1b100000] [id=13632]
  0x000002b57ef88800 GCTaskThread "GC Thread#0" [stack: 0x000000cc1a200000,0x000000cc1a300000] [id=5216]
  0x000002b521fa9000 GCTaskThread "GC Thread#1" [stack: 0x000000cc1bb00000,0x000000cc1bc00000] [id=14560]
  0x000002b521fae000 GCTaskThread "GC Thread#2" [stack: 0x000000cc1bc00000,0x000000cc1bd00000] [id=6664]
  0x000002b521fae800 GCTaskThread "GC Thread#3" [stack: 0x000000cc1bd00000,0x000000cc1be00000] [id=8772]
  0x000002b521faf000 GCTaskThread "GC Thread#4" [stack: 0x000000cc1be00000,0x000000cc1bf00000] [id=12532]
  0x000002b5226b2800 GCTaskThread "GC Thread#5" [stack: 0x000000cc1bf00000,0x000000cc1c000000] [id=13348]
  0x000002b57efb9800 ConcurrentGCThread "G1 Main Marker" [stack: 0x000000cc1a300000,0x000000cc1a400000] [id=9912]
  0x000002b57efbb000 ConcurrentGCThread "G1 Conc#0" [stack: 0x000000cc1a400000,0x000000cc1a500000] [id=11648]
  0x000002b5222ee000 ConcurrentGCThread "G1 Conc#1" [stack: 0x000000cc1c000000,0x000000cc1c100000] [id=4436]
  0x000002b51fd20800 ConcurrentGCThread "G1 Refine#0" [stack: 0x000000cc1a500000,0x000000cc1a600000] [id=5560]
  0x000002b51fd21000 ConcurrentGCThread "G1 Young RemSet Sampling" [stack: 0x000000cc1a600000,0x000000cc1a700000] [id=12856]

Threads with active compile tasks:

VM state:not at safepoint (normal execution)

VM Mutex/Monitor currently owned by a thread: None

Heap address: 0x0000000083000000, size: 2000 MB, Compressed Oops mode: 32-bit
Narrow klass base: 0x0000000000000000, Narrow klass shift: 3
Compressed class space size: 1073741824 Address: 0x0000000100000000

Heap:
 garbage-first heap   total 129024K, used 41653K [0x0000000083000000, 0x0000000100000000)
  region size 1024K, 20 young (20480K), 5 survivors (5120K)
 Metaspace       used 32203K, capacity 32846K, committed 33020K, reserved 1079296K
  class space    used 3514K, capacity 3818K, committed 3916K, reserved 1048576K
Heap Regions: E=young(eden), S=young(survivor), O=old, HS=humongous(starts), HC=humongous(continues), CS=collection set, F=free, A=archive, TAMS=top-at-mark-start (previous, next)
|   0|0x0000000083000000, 0x0000000083100000, 0x0000000083100000|100%|HS|  |TAMS 0x0000000083100000, 0x0000000083000000| Complete 
|   1|0x0000000083100000, 0x0000000083200000, 0x0000000083200000|100%|HC|  |TAMS 0x0000000083200000, 0x0000000083100000| Complete 
|   2|0x0000000083200000, 0x0000000083300000, 0x0000000083300000|100%| O|  |TAMS 0x0000000083300000, 0x0000000083200000| Untracked 
|   3|0x0000000083300000, 0x0000000083400000, 0x0000000083400000|100%| O|  |TAMS 0x0000000083400000, 0x0000000083300000| Untracked 
|   4|0x0000000083400000, 0x0000000083500000, 0x0000000083500000|100%| O|  |TAMS 0x00000000834ea600, 0x0000000083400000| Untracked 
|   5|0x0000000083500000, 0x0000000083600000, 0x0000000083600000|100%| O|  |TAMS 0x0000000083500000, 0x0000000083500000| Untracked 
|   6|0x0000000083600000, 0x0000000083700000, 0x0000000083700000|100%| O|  |TAMS 0x0000000083600000, 0x0000000083600000| Untracked 
|   7|0x0000000083700000, 0x00000000837ee400, 0x0000000083800000| 93%| O|  |TAMS 0x0000000083700000, 0x0000000083700000| Untracked 
|   8|0x0000000083800000, 0x0000000083900000, 0x0000000083900000|100%|HS|  |TAMS 0x0000000083800000, 0x0000000083800000| Complete 
|   9|0x0000000083900000, 0x0000000083a00000, 0x0000000083a00000|100%|HC|  |TAMS 0x0000000083900000, 0x0000000083900000| Complete 
|  10|0x0000000083a00000, 0x0000000083b00000, 0x0000000083b00000|100%|HC|  |TAMS 0x0000000083a00000, 0x0000000083a00000| Complete 
|  11|0x0000000083b00000, 0x0000000083c00000, 0x0000000083c00000|100%|HS|  |TAMS 0x0000000083b00000, 0x0000000083b00000| Complete 
|  12|0x0000000083c00000, 0x0000000083d00000, 0x0000000083d00000|100%|HC|  |TAMS 0x0000000083c00000, 0x0000000083c00000| Complete 
|  13|0x0000000083d00000, 0x0000000083e00000, 0x0000000083e00000|100%|HC|  |TAMS 0x0000000083d00000, 0x0000000083d00000| Complete 
|  14|0x0000000083e00000, 0x0000000083f00000, 0x0000000083f00000|100%|HS|  |TAMS 0x0000000083e00000, 0x0000000083e00000| Complete 
|  15|0x0000000083f00000, 0x0000000084000000, 0x0000000084000000|100%|HC|  |TAMS 0x0000000083f00000, 0x0000000083f00000| Complete 
|  16|0x0000000084000000, 0x0000000084100000, 0x0000000084100000|100%|HC|  |TAMS 0x0000000084000000, 0x0000000084000000| Complete 
|  17|0x0000000084100000, 0x0000000084200000, 0x0000000084200000|100%|HC|  |TAMS 0x0000000084100000, 0x0000000084100000| Complete 
|  18|0x0000000084200000, 0x0000000084300000, 0x0000000084300000|100%|HC|  |TAMS 0x0000000084200000, 0x0000000084200000| Complete 
|  19|0x0000000084300000, 0x0000000084400000, 0x0000000084400000|100%|HC|  |TAMS 0x0000000084300000, 0x0000000084300000| Complete 
|  20|0x0000000084400000, 0x0000000084500000, 0x0000000084500000|100%|HC|  |TAMS 0x0000000084400000, 0x0000000084400000| Complete 
|  21|0x0000000084500000, 0x0000000084600000, 0x0000000084600000|100%|HC|  |TAMS 0x0000000084500000, 0x0000000084500000| Complete 
|  22|0x0000000084600000, 0x0000000084600000, 0x0000000084700000|  0%| F|  |TAMS 0x0000000084600000, 0x0000000084600000| Untracked 
|  23|0x0000000084700000, 0x0000000084700000, 0x0000000084800000|  0%| F|  |TAMS 0x0000000084700000, 0x0000000084700000| Untracked 
|  24|0x0000000084800000, 0x0000000084800000, 0x0000000084900000|  0%| F|  |TAMS 0x0000000084800000, 0x0000000084800000| Untracked 
|  25|0x0000000084900000, 0x0000000084900000, 0x0000000084a00000|  0%| F|  |TAMS 0x0000000084900000, 0x0000000084900000| Untracked 
|  26|0x0000000084a00000, 0x0000000084a00000, 0x0000000084b00000|  0%| F|  |TAMS 0x0000000084a00000, 0x0000000084a00000| Untracked 
|  27|0x0000000084b00000, 0x0000000084b00000, 0x0000000084c00000|  0%| F|  |TAMS 0x0000000084b00000, 0x0000000084b00000| Untracked 
|  28|0x0000000084c00000, 0x0000000084c00000, 0x0000000084d00000|  0%| F|  |TAMS 0x0000000084c00000, 0x0000000084c00000| Untracked 
|  29|0x0000000084d00000, 0x0000000084d00000, 0x0000000084e00000|  0%| F|  |TAMS 0x0000000084d00000, 0x0000000084d00000| Untracked 
|  30|0x0000000084e00000, 0x0000000084e00000, 0x0000000084f00000|  0%| F|  |TAMS 0x0000000084e00000, 0x0000000084e00000| Untracked 
|  31|0x0000000084f00000, 0x0000000084f00000, 0x0000000085000000|  0%| F|  |TAMS 0x0000000084f00000, 0x0000000084f00000| Untracked 
|  32|0x0000000085000000, 0x0000000085000000, 0x0000000085100000|  0%| F|  |TAMS 0x0000000085000000, 0x0000000085000000| Untracked 
|  33|0x0000000085100000, 0x0000000085100000, 0x0000000085200000|  0%| F|  |TAMS 0x0000000085100000, 0x0000000085100000| Untracked 
|  34|0x0000000085200000, 0x0000000085200000, 0x0000000085300000|  0%| F|  |TAMS 0x0000000085200000, 0x0000000085200000| Untracked 
|  35|0x0000000085300000, 0x0000000085300000, 0x0000000085400000|  0%| F|  |TAMS 0x0000000085300000, 0x0000000085300000| Untracked 
|  36|0x0000000085400000, 0x0000000085400000, 0x0000000085500000|  0%| F|  |TAMS 0x0000000085400000, 0x0000000085400000| Untracked 
|  37|0x0000000085500000, 0x0000000085500000, 0x0000000085600000|  0%| F|  |TAMS 0x0000000085500000, 0x0000000085500000| Untracked 
|  38|0x0000000085600000, 0x0000000085600000, 0x0000000085700000|  0%| F|  |TAMS 0x0000000085600000, 0x0000000085600000| Untracked 
|  39|0x0000000085700000, 0x0000000085700000, 0x0000000085800000|  0%| F|  |TAMS 0x0000000085700000, 0x0000000085700000| Untracked 
|  40|0x0000000085800000, 0x0000000085800000, 0x0000000085900000|  0%| F|  |TAMS 0x0000000085800000, 0x0000000085800000| Untracked 
|  41|0x0000000085900000, 0x0000000085900000, 0x0000000085a00000|  0%| F|  |TAMS 0x0000000085900000, 0x0000000085900000| Untracked 
|  42|0x0000000085a00000, 0x0000000085a00000, 0x0000000085b00000|  0%| F|  |TAMS 0x0000000085a00000, 0x0000000085a00000| Untracked 
|  43|0x0000000085b00000, 0x0000000085b00000, 0x0000000085c00000|  0%| F|  |TAMS 0x0000000085b00000, 0x0000000085b00000| Untracked 
|  44|0x0000000085c00000, 0x0000000085c00000, 0x0000000085d00000|  0%| F|  |TAMS 0x0000000085c00000, 0x0000000085c00000| Untracked 
|  45|0x0000000085d00000, 0x0000000085d00000, 0x0000000085e00000|  0%| F|  |TAMS 0x0000000085d00000, 0x0000000085d00000| Untracked 
|  46|0x0000000085e00000, 0x0000000085e00000, 0x0000000085f00000|  0%| F|  |TAMS 0x0000000085e00000, 0x0000000085e00000| Untracked 
|  47|0x0000000085f00000, 0x0000000085f00000, 0x0000000086000000|  0%| F|  |TAMS 0x0000000085f00000, 0x0000000085f00000| Untracked 
|  48|0x0000000086000000, 0x0000000086000000, 0x0000000086100000|  0%| F|  |TAMS 0x0000000086000000, 0x0000000086000000| Untracked 
|  49|0x0000000086100000, 0x0000000086100000, 0x0000000086200000|  0%| F|  |TAMS 0x0000000086100000, 0x0000000086100000| Untracked 
|  50|0x0000000086200000, 0x0000000086200000, 0x0000000086300000|  0%| F|  |TAMS 0x0000000086200000, 0x0000000086200000| Untracked 
|  51|0x0000000086300000, 0x0000000086300000, 0x0000000086400000|  0%| F|  |TAMS 0x0000000086300000, 0x0000000086300000| Untracked 
|  52|0x0000000086400000, 0x0000000086400000, 0x0000000086500000|  0%| F|  |TAMS 0x0000000086400000, 0x0000000086400000| Untracked 
|  53|0x0000000086500000, 0x0000000086500000, 0x0000000086600000|  0%| F|  |TAMS 0x0000000086500000, 0x0000000086500000| Untracked 
|  54|0x0000000086600000, 0x0000000086600000, 0x0000000086700000|  0%| F|  |TAMS 0x0000000086600000, 0x0000000086600000| Untracked 
|  55|0x0000000086700000, 0x0000000086700000, 0x0000000086800000|  0%| F|  |TAMS 0x0000000086700000, 0x0000000086700000| Untracked 
|  56|0x0000000086800000, 0x0000000086800000, 0x0000000086900000|  0%| F|  |TAMS 0x0000000086800000, 0x0000000086800000| Untracked 
|  57|0x0000000086900000, 0x0000000086900000, 0x0000000086a00000|  0%| F|  |TAMS 0x0000000086900000, 0x0000000086900000| Untracked 
|  58|0x0000000086a00000, 0x0000000086a00000, 0x0000000086b00000|  0%| F|  |TAMS 0x0000000086a00000, 0x0000000086a00000| Untracked 
|  59|0x0000000086b00000, 0x0000000086b00000, 0x0000000086c00000|  0%| F|  |TAMS 0x0000000086b00000, 0x0000000086b00000| Untracked 
|  60|0x0000000086c00000, 0x0000000086c00000, 0x0000000086d00000|  0%| F|  |TAMS 0x0000000086c00000, 0x0000000086c00000| Untracked 
|  61|0x0000000086d00000, 0x0000000086d00000, 0x0000000086e00000|  0%| F|  |TAMS 0x0000000086d00000, 0x0000000086d00000| Untracked 
|  62|0x0000000086e00000, 0x0000000086e00000, 0x0000000086f00000|  0%| F|  |TAMS 0x0000000086e00000, 0x0000000086e00000| Untracked 
|  63|0x0000000086f00000, 0x0000000086f00000, 0x0000000087000000|  0%| F|  |TAMS 0x0000000086f00000, 0x0000000086f00000| Untracked 
|  64|0x0000000087000000, 0x0000000087000000, 0x0000000087100000|  0%| F|  |TAMS 0x0000000087000000, 0x0000000087000000| Untracked 
|  65|0x0000000087100000, 0x0000000087100000, 0x0000000087200000|  0%| F|  |TAMS 0x0000000087100000, 0x0000000087100000| Untracked 
|  66|0x0000000087200000, 0x0000000087200000, 0x0000000087300000|  0%| F|  |TAMS 0x0000000087200000, 0x0000000087200000| Untracked 
|  67|0x0000000087300000, 0x0000000087300000, 0x0000000087400000|  0%| F|  |TAMS 0x0000000087300000, 0x0000000087300000| Untracked 
|  68|0x0000000087400000, 0x0000000087400000, 0x0000000087500000|  0%| F|  |TAMS 0x0000000087400000, 0x0000000087400000| Untracked 
|  69|0x0000000087500000, 0x0000000087500000, 0x0000000087600000|  0%| F|  |TAMS 0x0000000087500000, 0x0000000087500000| Untracked 
|  70|0x0000000087600000, 0x0000000087600000, 0x0000000087700000|  0%| F|  |TAMS 0x0000000087600000, 0x0000000087600000| Untracked 
|  71|0x0000000087700000, 0x0000000087700000, 0x0000000087800000|  0%| F|  |TAMS 0x0000000087700000, 0x0000000087700000| Untracked 
|  72|0x0000000087800000, 0x0000000087800000, 0x0000000087900000|  0%| F|  |TAMS 0x0000000087800000, 0x0000000087800000| Untracked 
|  73|0x0000000087900000, 0x0000000087900000, 0x0000000087a00000|  0%| F|  |TAMS 0x0000000087900000, 0x0000000087900000| Untracked 
|  74|0x0000000087a00000, 0x0000000087a00000, 0x0000000087b00000|  0%| F|  |TAMS 0x0000000087a00000, 0x0000000087a00000| Untracked 
|  75|0x0000000087b00000, 0x0000000087b00000, 0x0000000087c00000|  0%| F|  |TAMS 0x0000000087b00000, 0x0000000087b00000| Untracked 
|  76|0x0000000087c00000, 0x0000000087c00000, 0x0000000087d00000|  0%| F|  |TAMS 0x0000000087c00000, 0x0000000087c00000| Untracked 
|  77|0x0000000087d00000, 0x0000000087d00000, 0x0000000087e00000|  0%| F|  |TAMS 0x0000000087d00000, 0x0000000087d00000| Untracked 
|  78|0x0000000087e00000, 0x0000000087e00000, 0x0000000087f00000|  0%| F|  |TAMS 0x0000000087e00000, 0x0000000087e00000| Untracked 
|  79|0x0000000087f00000, 0x0000000087f00000, 0x0000000088000000|  0%| F|  |TAMS 0x0000000087f00000, 0x0000000087f00000| Untracked 
|  80|0x0000000088000000, 0x0000000088000000, 0x0000000088100000|  0%| F|  |TAMS 0x0000000088000000, 0x0000000088000000| Untracked 
|  81|0x0000000088100000, 0x0000000088100000, 0x0000000088200000|  0%| F|  |TAMS 0x0000000088100000, 0x0000000088100000| Untracked 
|  82|0x0000000088200000, 0x0000000088200000, 0x0000000088300000|  0%| F|  |TAMS 0x0000000088200000, 0x0000000088200000| Untracked 
|  83|0x0000000088300000, 0x0000000088300000, 0x0000000088400000|  0%| F|  |TAMS 0x0000000088300000, 0x0000000088300000| Untracked 
|  84|0x0000000088400000, 0x0000000088400000, 0x0000000088500000|  0%| F|  |TAMS 0x0000000088400000, 0x0000000088400000| Untracked 
|  85|0x0000000088500000, 0x0000000088500000, 0x0000000088600000|  0%| F|  |TAMS 0x0000000088500000, 0x0000000088500000| Untracked 
|  86|0x0000000088600000, 0x0000000088600000, 0x0000000088700000|  0%| F|  |TAMS 0x0000000088600000, 0x0000000088600000| Untracked 
|  87|0x0000000088700000, 0x0000000088700000, 0x0000000088800000|  0%| F|  |TAMS 0x0000000088700000, 0x0000000088700000| Untracked 
|  88|0x0000000088800000, 0x00000000888bf090, 0x0000000088900000| 74%| S|CS|TAMS 0x0000000088800000, 0x0000000088800000| Complete 
|  89|0x0000000088900000, 0x0000000088a00000, 0x0000000088a00000|100%| S|CS|TAMS 0x0000000088900000, 0x0000000088900000| Complete 
|  90|0x0000000088a00000, 0x0000000088b00000, 0x0000000088b00000|100%| S|CS|TAMS 0x0000000088a00000, 0x0000000088a00000| Complete 
|  91|0x0000000088b00000, 0x0000000088c00000, 0x0000000088c00000|100%| S|CS|TAMS 0x0000000088b00000, 0x0000000088b00000| Complete 
|  92|0x0000000088c00000, 0x0000000088d00000, 0x0000000088d00000|100%| S|CS|TAMS 0x0000000088c00000, 0x0000000088c00000| Complete 
|  93|0x0000000088d00000, 0x0000000088d00000, 0x0000000088e00000|  0%| F|  |TAMS 0x0000000088d00000, 0x0000000088d00000| Untracked 
|  94|0x0000000088e00000, 0x0000000088e00000, 0x0000000088f00000|  0%| F|  |TAMS 0x0000000088e00000, 0x0000000088e00000| Untracked 
|  95|0x0000000088f00000, 0x0000000088f00000, 0x0000000089000000|  0%| F|  |TAMS 0x0000000088f00000, 0x0000000088f00000| Untracked 
|  96|0x0000000089000000, 0x0000000089000000, 0x0000000089100000|  0%| F|  |TAMS 0x0000000089000000, 0x0000000089000000| Untracked 
|  97|0x0000000089100000, 0x0000000089100000, 0x0000000089200000|  0%| F|  |TAMS 0x0000000089100000, 0x0000000089100000| Untracked 
|  98|0x0000000089200000, 0x0000000089200000, 0x0000000089300000|  0%| F|  |TAMS 0x0000000089200000, 0x0000000089200000| Untracked 
|  99|0x0000000089300000, 0x0000000089300000, 0x0000000089400000|  0%| F|  |TAMS 0x0000000089300000, 0x0000000089300000| Untracked 
| 100|0x0000000089400000, 0x0000000089400000, 0x0000000089500000|  0%| F|  |TAMS 0x0000000089400000, 0x0000000089400000| Untracked 
| 101|0x0000000089500000, 0x0000000089500000, 0x0000000089600000|  0%| F|  |TAMS 0x0000000089500000, 0x0000000089500000| Untracked 
| 102|0x0000000089600000, 0x0000000089600000, 0x0000000089700000|  0%| F|  |TAMS 0x0000000089600000, 0x0000000089600000| Untracked 
| 103|0x0000000089700000, 0x0000000089700000, 0x0000000089800000|  0%| F|  |TAMS 0x0000000089700000, 0x0000000089700000| Untracked 
| 104|0x0000000089800000, 0x0000000089800000, 0x0000000089900000|  0%| F|  |TAMS 0x0000000089800000, 0x0000000089800000| Untracked 
| 105|0x0000000089900000, 0x0000000089900000, 0x0000000089a00000|  0%| F|  |TAMS 0x0000000089900000, 0x0000000089900000| Untracked 
| 106|0x0000000089a00000, 0x0000000089a00000, 0x0000000089b00000|  0%| F|  |TAMS 0x0000000089a00000, 0x0000000089a00000| Untracked 
| 107|0x0000000089b00000, 0x0000000089b00000, 0x0000000089c00000|  0%| F|  |TAMS 0x0000000089b00000, 0x0000000089b00000| Untracked 
| 108|0x0000000089c00000, 0x0000000089c00000, 0x0000000089d00000|  0%| F|  |TAMS 0x0000000089c00000, 0x0000000089c00000| Untracked 
| 109|0x0000000089d00000, 0x0000000089d00000, 0x0000000089e00000|  0%| F|  |TAMS 0x0000000089d00000, 0x0000000089d00000| Untracked 
| 110|0x0000000089e00000, 0x0000000089e00000, 0x0000000089f00000|  0%| F|  |TAMS 0x0000000089e00000, 0x0000000089e00000| Untracked 
| 111|0x0000000089f00000, 0x000000008a000000, 0x000000008a000000|100%| E|  |TAMS 0x0000000089f00000, 0x0000000089f00000| Complete 
| 112|0x000000008a000000, 0x000000008a100000, 0x000000008a100000|100%| E|CS|TAMS 0x000000008a000000, 0x000000008a000000| Complete 
| 113|0x000000008a100000, 0x000000008a200000, 0x000000008a200000|100%| E|CS|TAMS 0x000000008a100000, 0x000000008a100000| Complete 
| 114|0x000000008a200000, 0x000000008a300000, 0x000000008a300000|100%| E|CS|TAMS 0x000000008a200000, 0x000000008a200000| Complete 
| 115|0x000000008a300000, 0x000000008a400000, 0x000000008a400000|100%| E|CS|TAMS 0x000000008a300000, 0x000000008a300000| Complete 
| 116|0x000000008a400000, 0x000000008a500000, 0x000000008a500000|100%| E|CS|TAMS 0x000000008a400000, 0x000000008a400000| Complete 
| 117|0x000000008a500000, 0x000000008a600000, 0x000000008a600000|100%| E|CS|TAMS 0x000000008a500000, 0x000000008a500000| Complete 
| 118|0x000000008a600000, 0x000000008a700000, 0x000000008a700000|100%| E|CS|TAMS 0x000000008a600000, 0x000000008a600000| Complete 
| 119|0x000000008a700000, 0x000000008a800000, 0x000000008a800000|100%| E|CS|TAMS 0x000000008a700000, 0x000000008a700000| Complete 
| 120|0x000000008a800000, 0x000000008a900000, 0x000000008a900000|100%| E|CS|TAMS 0x000000008a800000, 0x000000008a800000| Complete 
| 121|0x000000008a900000, 0x000000008aa00000, 0x000000008aa00000|100%| E|CS|TAMS 0x000000008a900000, 0x000000008a900000| Complete 
| 122|0x000000008aa00000, 0x000000008ab00000, 0x000000008ab00000|100%| E|CS|TAMS 0x000000008aa00000, 0x000000008aa00000| Complete 
| 123|0x000000008ab00000, 0x000000008ac00000, 0x000000008ac00000|100%| E|CS|TAMS 0x000000008ab00000, 0x000000008ab00000| Complete 
| 124|0x000000008ac00000, 0x000000008ad00000, 0x000000008ad00000|100%| E|CS|TAMS 0x000000008ac00000, 0x000000008ac00000| Complete 
| 125|0x000000008ad00000, 0x000000008ae00000, 0x000000008ae00000|100%| E|CS|TAMS 0x000000008ad00000, 0x000000008ad00000| Complete 

Card table byte_map: [0x000002b518e30000,0x000002b519220000] _byte_map_base: 0x000002b518a18000

Marking Bits (Prev, Next): (CMBitMap*) 0x000002b57efb0ca0, (CMBitMap*) 0x000002b57efb0c68
 Prev Bits: [0x000002b51b550000, 0x000002b51d490000)
 Next Bits: [0x000002b519610000, 0x000002b51b550000)

Polling page: 0x000002b57f050000

Metaspace:

Usage:
  Non-class:     28.35 MB capacity,    28.02 MB ( 99%) used,   260.91 KB ( <1%) free+waste,    78.19 KB ( <1%) overhead. 
      Class:      3.73 MB capacity,     3.43 MB ( 92%) used,   265.69 KB (  7%) free+waste,    38.06 KB ( <1%) overhead. 
       Both:     32.08 MB capacity,    31.45 MB ( 98%) used,   526.60 KB (  2%) free+waste,   116.25 KB ( <1%) overhead. 

Virtual space:
  Non-class space:       30.00 MB reserved,      28.42 MB ( 95%) committed 
      Class space:        1.00 GB reserved,       3.82 MB ( <1%) committed 
             Both:        1.03 GB reserved,      32.25 MB (  3%) committed 

Chunk freelists:
   Non-Class:  12.00 KB
       Class:  0 bytes
        Both:  12.00 KB

MaxMetaspaceSize: 17179869184.00 GB
CompressedClassSpaceSize: 1.00 GB

CodeHeap 'non-profiled nmethods': size=120000Kb used=2900Kb max_used=2900Kb free=117099Kb
 bounds [0x000002b511510000, 0x000002b5117f0000, 0x000002b518a40000]
CodeHeap 'profiled nmethods': size=120000Kb used=9421Kb max_used=9421Kb free=110579Kb
 bounds [0x000002b509fe0000, 0x000002b50a920000, 0x000002b511510000]
CodeHeap 'non-nmethods': size=5760Kb used=1334Kb max_used=1386Kb free=4425Kb
 bounds [0x000002b509a40000, 0x000002b509cb0000, 0x000002b509fe0000]
 total_blobs=5037 nmethods=4272 adapters=673
 compilation: enabled
              stopped_count=0, restarted_count=0
 full_count=0

Compilation events (20 events):
Event: 109.454 Thread 0x000002b51ff02800 4271       3       javax.swing.DefaultButtonModel::isEnabled (16 bytes)
Event: 109.454 Thread 0x000002b51ff02800 nmethod 4271 0x000002b50a90e610 code [0x000002b50a90e7c0, 0x000002b50a90e918]
Event: 109.455 Thread 0x000002b51ff02800 4272       3       javax.swing.RepaintManager$4::<init> (38 bytes)
Event: 109.456 Thread 0x000002b51ff02800 nmethod 4272 0x000002b50a90e990 code [0x000002b50a90eb60, 0x000002b50a90ee98]
Event: 109.456 Thread 0x000002b51ff02800 4273       3       javax.swing.RepaintManager$4::run (5 bytes)
Event: 109.456 Thread 0x000002b51ff02800 nmethod 4273 0x000002b50a90ef90 code [0x000002b50a90f140, 0x000002b50a90f288]
Event: 109.811 Thread 0x000002b51fefc000 4274       4       java.security.AccessControlContext::combine (205 bytes)
Event: 109.846 Thread 0x000002b51fefc000 nmethod 4274 0x000002b5117e4110 code [0x000002b5117e42c0, 0x000002b5117e4c18]
Event: 109.850 Thread 0x000002b51ff02800 4275       3       sun.java2d.pipe.Region::isInsideXYXY (39 bytes)
Event: 109.851 Thread 0x000002b51ff02800 nmethod 4275 0x000002b50a90f310 code [0x000002b50a90f4c0, 0x000002b50a90f6d8]
Event: 109.960 Thread 0x000002b51ff02800 4276       3       java.awt.Component::getInputContext (16 bytes)
Event: 109.960 Thread 0x000002b51ff02800 nmethod 4276 0x000002b50a90f790 code [0x000002b50a90f960, 0x000002b50a90fb68]
Event: 110.276 Thread 0x000002b51ff02800 4277       3       javax.swing.JComponent::paintBorder (28 bytes)
Event: 110.277 Thread 0x000002b51ff02800 nmethod 4277 0x000002b50a90fc10 code [0x000002b50a90fe00, 0x000002b50a9102b8]
Event: 110.410 Thread 0x000002b51ff02800 4278       3       java.awt.Container::containsFocus (13 bytes)
Event: 110.410 Thread 0x000002b51ff02800 nmethod 4278 0x000002b50a910410 code [0x000002b50a910600, 0x000002b50a9108b8]
Event: 110.410 Thread 0x000002b51ff02800 4279   !   3       java.awt.EventQueue::removeSourceEvents (316 bytes)
Event: 110.412 Thread 0x000002b51ff02800 nmethod 4279 0x000002b50a910a10 code [0x000002b50a910d80, 0x000002b50a9129f8]
Event: 110.612 Thread 0x000002b51fefc000 4280       4       java.nio.ByteBuffer::arrayOffset (35 bytes)
Event: 110.613 Thread 0x000002b51fefc000 nmethod 4280 0x000002b5117e4f90 code [0x000002b5117e5120, 0x000002b5117e51b8]

GC Heap History (6 events):
Event: 20.280 GC heap before
{Heap before GC invocations=0 (full 0):
 garbage-first heap   total 129024K, used 23552K [0x0000000083000000, 0x0000000100000000)
  region size 1024K, 23 young (23552K), 0 survivors (0K)
 Metaspace       used 20705K, capacity 21208K, committed 21296K, reserved 1069056K
  class space    used 2165K, capacity 2412K, committed 2432K, reserved 1048576K
}
Event: 20.289 GC heap after
{Heap after GC invocations=1 (full 0):
 garbage-first heap   total 129024K, used 8105K [0x0000000083000000, 0x0000000100000000)
  region size 1024K, 3 young (3072K), 3 survivors (3072K)
 Metaspace       used 20705K, capacity 21208K, committed 21296K, reserved 1069056K
  class space    used 2165K, capacity 2412K, committed 2432K, reserved 1048576K
}
Event: 30.895 GC heap before
{Heap before GC invocations=2 (full 0):
 garbage-first heap   total 129024K, used 14249K [0x0000000083000000, 0x0000000100000000)
  region size 1024K, 9 young (9216K), 3 survivors (3072K)
 Metaspace       used 23511K, capacity 24007K, committed 24188K, reserved 1071104K
  class space    used 2468K, capacity 2705K, committed 2764K, reserved 1048576K
}
Event: 30.903 GC heap after
{Heap after GC invocations=3 (full 0):
 garbage-first heap   total 129024K, used 10169K [0x0000000083000000, 0x0000000100000000)
  region size 1024K, 2 young (2048K), 2 survivors (2048K)
 Metaspace       used 23511K, capacity 24007K, committed 24188K, reserved 1071104K
  class space    used 2468K, capacity 2705K, committed 2764K, reserved 1048576K
}
Event: 55.832 GC heap before
{Heap before GC invocations=3 (full 0):
 garbage-first heap   total 129024K, used 44985K [0x0000000083000000, 0x0000000100000000)
  region size 1024K, 33 young (33792K), 2 survivors (2048K)
 Metaspace       used 30352K, capacity 30953K, committed 31100K, reserved 1077248K
  class space    used 3263K, capacity 3527K, committed 3532K, reserved 1048576K
}
Event: 55.836 GC heap after
{Heap after GC invocations=4 (full 0):
 garbage-first heap   total 129024K, used 16053K [0x0000000083000000, 0x0000000100000000)
  region size 1024K, 5 young (5120K), 5 survivors (5120K)
 Metaspace       used 30352K, capacity 30953K, committed 31100K, reserved 1077248K
  class space    used 3263K, capacity 3527K, committed 3532K, reserved 1048576K
}

Deoptimization events (20 events):
Event: 97.906 Thread 0x000002b5266f1800 DEOPT PACKING pc=0x000002b511548f6c sp=0x000000cc1c8fe530
Event: 97.906 Thread 0x000002b5266f1800 DEOPT UNPACKING pc=0x000002b509a6662f sp=0x000000cc1c8fe4f8 mode 2
Event: 97.906 Thread 0x000002b5266f1800 Uncommon trap: trap_request=0xffffff4d fr.pc=0x000002b5115e43c8 relative=0x0000000000000388
Event: 97.906 Thread 0x000002b5266f1800 Uncommon trap: reason=unstable_if action=reinterpret pc=0x000002b5115e43c8 method=java.lang.StringBuilder.toString()Ljava/lang/String; @ 4 c2
Event: 97.906 Thread 0x000002b5266f1800 DEOPT PACKING pc=0x000002b5115e43c8 sp=0x000000cc1c8fe680
Event: 97.906 Thread 0x000002b5266f1800 DEOPT UNPACKING pc=0x000002b509a6662f sp=0x000000cc1c8fe660 mode 2
Event: 98.086 Thread 0x000002b5266f1800 Uncommon trap: trap_request=0xffffff4d fr.pc=0x000002b51177d988 relative=0x0000000000000068
Event: 98.086 Thread 0x000002b5266f1800 Uncommon trap: reason=unstable_if action=reinterpret pc=0x000002b51177d988 method=java.awt.Component.getInputContext()Ljava/awt/im/InputContext; @ 6 c2
Event: 98.086 Thread 0x000002b5266f1800 DEOPT PACKING pc=0x000002b51177d988 sp=0x000000cc1c8fe880
Event: 98.086 Thread 0x000002b5266f1800 DEOPT UNPACKING pc=0x000002b509a6662f sp=0x000000cc1c8fe818 mode 2
Event: 102.947 Thread 0x000002b5266f2000 Uncommon trap: trap_request=0xffffff4d fr.pc=0x000002b511674e54 relative=0x0000000000000dd4
Event: 102.947 Thread 0x000002b5266f2000 Uncommon trap: reason=unstable_if action=reinterpret pc=0x000002b511674e54 method=java.security.AccessControlContext.optimize()Ljava/security/AccessControlContext; @ 49 c2
Event: 102.947 Thread 0x000002b5266f2000 DEOPT PACKING pc=0x000002b511674e54 sp=0x000000cc1cafa9b0
Event: 102.947 Thread 0x000002b5266f2000 DEOPT UNPACKING pc=0x000002b509a6662f sp=0x000000cc1cafa970 mode 2
Event: 103.181 Thread 0x000002b520e19800 Uncommon trap: trap_request=0xffffff4d fr.pc=0x000002b5117a2b18 relative=0x0000000000000258
Event: 103.181 Thread 0x000002b520e19800 Uncommon trap: reason=unstable_if action=reinterpret pc=0x000002b5117a2b18 method=javax.swing.plaf.synth.SynthGraphicsUtils.layoutText(Ljavax/swing/plaf/synth/SynthContext;Ljava/awt/FontMetrics;Ljava/lang/String;Ljavax/swing/Icon;IIIILjava/awt/Rectangle;L
Event: 103.181 Thread 0x000002b520e19800 DEOPT PACKING pc=0x000002b5117a2b18 sp=0x000000cc1b5f6130
Event: 103.181 Thread 0x000002b520e19800 DEOPT UNPACKING pc=0x000002b509a6662f sp=0x000000cc1b5f6098 mode 2
Event: 103.186 Thread 0x000002b520e19800 DEOPT PACKING pc=0x000002b50a843f97 sp=0x000000cc1b5f6310
Event: 103.186 Thread 0x000002b520e19800 DEOPT UNPACKING pc=0x000002b509a66dde sp=0x000000cc1b5f5708 mode 0

Classes redefined (0 events):
No events

Internal exceptions (20 events):
Event: 31.351 Thread 0x000002b520e19800 Exception <a 'java/lang/NoSuchMethodError'{0x000000008a3d2ff0}: 'java.lang.Object java.lang.invoke.DirectMethodHandle$Holder.invokeStatic(java.lang.Object, java.lang.Object, int, int, int, int)'> (0x000000008a3d2ff0) thrown at [./src/hotspot/share/interpreter/linkResolver.cpp, line 773]
Event: 31.352 Thread 0x000002b520e19800 Exception <a 'java/lang/NoSuchMethodError'{0x000000008a3d65f0}: 'java.lang.Object java.lang.invoke.DirectMethodHandle$Holder.invokeStaticInit(java.lang.Object, java.lang.Object, int, int, int, int)'> (0x000000008a3d65f0) thrown at [./src/hotspot/share/interpreter/linkResolver.cpp, line 773]
Event: 41.950 Thread 0x000002b520e19800 Implicit null exception at 0x000002b5116189d5 to 0x000002b511618f19
Event: 41.950 Thread 0x000002b520e19800 Implicit null exception at 0x000002b5116134d7 to 0x000002b511613c30
Event: 41.950 Thread 0x000002b520e19800 Implicit null exception at 0x000002b5116189d5 to 0x000002b511618f19
Event: 41.950 Thread 0x000002b520e19800 Implicit null exception at 0x000002b5116134d7 to 0x000002b511613c30
Event: 41.950 Thread 0x000002b520e19800 Implicit null exception at 0x000002b5116189d5 to 0x000002b511618f19
Event: 42.844 Thread 0x000002b520e19800 Exception <a 'java/lang/NoSuchMethodError'{0x0000000089d3ac10}: 'java.lang.Object java.lang.invoke.DirectMethodHandle$Holder.invokeSpecial(java.lang.Object, java.lang.Object, int, int, int, int, int, int)'> (0x0000000089d3ac10) thrown at [./src/hotspot/share/interpreter/linkResolver.cpp, line 773]
Event: 42.845 Thread 0x000002b520e19800 Exception <a 'java/lang/NoSuchMethodError'{0x0000000089d3e1f0}: 'java.lang.Object java.lang.invoke.DelegatingMethodHandle$Holder.reinvoke_L(java.lang.Object, int, int, int, int, int, int)'> (0x0000000089d3e1f0) thrown at [./src/hotspot/share/interpreter/linkResolver.cpp, line 773]
Event: 42.845 Thread 0x000002b520e19800 Exception <a 'java/lang/NoSuchMethodError'{0x0000000089d44d08}: 'java.lang.Object java.lang.invoke.DirectMethodHandle$Holder.invokeStatic(java.lang.Object, java.lang.Object, java.lang.Object, java.lang.Object, java.lang.Object, int)'> (0x0000000089d44d08) thrown at [./src/hotspot/share/interpreter/linkResolver.cpp, line 773]
Event: 68.772 Thread 0x000002b520e19800 Exception <a 'java/lang/NoSuchMethodError'{0x000000008a95c6d8}: 'java.lang.Object java.lang.invoke.DirectMethodHandle$Holder.invokeSpecial(java.lang.Object, java.lang.Object, int, int, int, java.lang.Object, java.lang.Object, java.lang.Object, java.lang.Object)'> (0x000000008a95c6d8) thrown at [./src/hotspot/share/interpreter/linkResolver.cpp, line 773]
Event: 68.772 Thread 0x000002b520e19800 Exception <a 'java/lang/NoSuchMethodError'{0x000000008a95fe90}: 'java.lang.Object java.lang.invoke.DelegatingMethodHandle$Holder.reinvoke_L(java.lang.Object, int, int, int, java.lang.Object, java.lang.Object, java.lang.Object, java.lang.Object)'> (0x000000008a95fe90) thrown at [./src/hotspot/share/interpreter/linkResolver.cpp, line 773]
Event: 68.774 Thread 0x000002b520e19800 Exception <a 'java/lang/NoSuchMethodError'{0x000000008a99fda8}: 'java.lang.Object java.lang.invoke.DirectMethodHandle$Holder.invokeStatic(java.lang.Object, java.lang.Object, java.lang.Object, java.lang.Object, java.lang.Object, java.lang.Object, java.lang.Object, java.lang.Object, java.lang.Object, int, int, java.lang.Object, java.lang.Object)'> (0x000000008a99fda8) thrown at [./src/hotspot/share/interpreter/linkResolver.cpp, line 773]
Event: 77.183 Thread 0x000002b520e19800 Implicit null exception at 0x000002b5116d3c72 to 0x000002b5116d3d11
Event: 80.317 Thread 0x000002b520e19800 Implicit null exception at 0x000002b5116dc00e to 0x000002b5116dc0b8
Event: 102.947 Thread 0x000002b5266f2000 Implicit null exception at 0x000002b5116740cb to 0x000002b511674e3c
Event: 102.962 Thread 0x000002b520e19800 Exception <a 'com/morpho/mbop/api/InternalException'{0x000000008a1aaf40}: Could not initialize Feature Extractor> (0x000000008a1aaf40) thrown at [./src/hotspot/share/prims/jni.cpp, line 636]
Event: 103.005 Thread 0x000002b520e19800 Exception <a 'java/lang/NoSuchMethodError'{0x000000008a1f0448}: 'java.lang.Object java.lang.invoke.DirectMethodHandle$Holder.invokeStatic(java.lang.Object, java.lang.Object, java.lang.Object, java.lang.Object, java.lang.Object, java.lang.Object, java.lang.Object, java.lang.Object, java.lang.Object, java.lang.Object, java.lang.Object, java.lang.Object, java.lang.Object, int)'> (0x000000008a1f0448) thrown at [./src/hotspot/share/interpreter/linkResolver.cpp, line 773]
Event: 103.012 Thread 0x000002b520e19800 Exception <a 'java/lang/NoSuchMethodError'{0x000000008a1fc640}: 'java.lang.Object java.lang.invoke.DirectMethodHandle$Holder.invokeStatic(java.lang.Object, java.lang.Object, java.lang.Object, java.lang.Object, java.lang.Object, java.lang.Object, java.lang.Object, java.lang.Object, java.lang.Object, java.lang.Object, java.lang.Object, java.lang.Object, java.lang.Object, int, int)'> (0x000000008a1fc640) thrown at [./src/hotspot/share/interpreter/linkResolver.cpp, line 773]
Event: 103.060 Thread 0x000002b520e19800 Exception <a 'java/lang/NoSuchMethodError'{0x0000000089f09668}: 'java.lang.Object java.lang.invoke.DirectMethodHandle$Holder.invokeStatic(java.lang.Object, java.lang.Object, java.lang.Object, java.lang.Object, java.lang.Object, java.lang.Object, java.lang.Object, java.lang.Object, java.lang.Object, java.lang.Object, java.lang.Object, java.lang.Object, java.lang.Object, int, int, java.lang.Object)'> (0x0000000089f09668) thrown at [./src/hotspot/share/interpreter/linkResolver.cpp, line 773]

Events (20 events):
Event: 102.980 loading class java/lang/Throwable$WrappedPrintStream done
Event: 102.983 Executing VM operation: RevokeBias
Event: 102.983 Executing VM operation: RevokeBias done
Event: 102.987 loading class java/lang/invoke/BoundMethodHandle$Species_LLLLLLLLLLI
Event: 103.004 loading class java/lang/invoke/BoundMethodHandle$Species_LLLLLLLLLLI done
Event: 103.005 loading class java/lang/invoke/BoundMethodHandle$Species_LLLLLLLLLLII
Event: 103.011 loading class java/lang/invoke/BoundMethodHandle$Species_LLLLLLLLLLII done
Event: 103.013 loading class java/lang/invoke/BoundMethodHandle$Species_LLLLLLLLLLIIL
Event: 103.059 loading class java/lang/invoke/BoundMethodHandle$Species_LLLLLLLLLLIIL done
Event: 103.064 Executing VM operation: RevokeBias
Event: 103.064 Executing VM operation: RevokeBias done
Event: 103.064 Executing VM operation: RevokeBias
Event: 103.064 Executing VM operation: RevokeBias done
Event: 103.068 Executing VM operation: RevokeBias
Event: 103.068 Executing VM operation: RevokeBias done
Event: 103.068 Executing VM operation: RevokeBias
Event: 103.068 Executing VM operation: RevokeBias done
Event: 105.906 Loaded shared library C:\Program Files\AdoptOpenJDK\jdk-11.0.11.9-hotspot\bin\java.dll
Event: 108.017 loading class java/security/DomainCombiner
Event: 108.090 loading class java/security/DomainCombiner done


Dynamic libraries:
0x00007ff708490000 - 0x00007ff70849d000 	C:\Program Files\AdoptOpenJDK\jdk-11.0.11.9-hotspot\bin\java.exe
0x00007fffaa910000 - 0x00007fffaab05000 	C:\windows\SYSTEM32\ntdll.dll
0x00007fffaa6a0000 - 0x00007fffaa75e000 	C:\windows\System32\KERNEL32.DLL
0x00007fffa8280000 - 0x00007fffa8549000 	C:\windows\System32\KERNELBASE.dll
0x00007fffa80d0000 - 0x00007fffa81d0000 	C:\windows\System32\ucrtbase.dll
0x00007fff8e360000 - 0x00007fff8e375000 	C:\Program Files\AdoptOpenJDK\jdk-11.0.11.9-hotspot\bin\VCRUNTIME140.dll
0x00007fff94370000 - 0x00007fff94387000 	C:\Program Files\AdoptOpenJDK\jdk-11.0.11.9-hotspot\bin\jli.dll
0x00007fffaa3b0000 - 0x00007fffaa551000 	C:\windows\System32\USER32.dll
0x00007fffa87f0000 - 0x00007fffa8812000 	C:\windows\System32\win32u.dll
0x00007fff8f320000 - 0x00007fff8f5ba000 	C:\windows\WinSxS\amd64_microsoft.windows.common-controls_6595b64144ccf1df_6.0.19041.1110_none_60b5254171f9507e\COMCTL32.dll
0x00007fffaa8a0000 - 0x00007fffaa8cb000 	C:\windows\System32\GDI32.dll
0x00007fffa86e0000 - 0x00007fffa87eb000 	C:\windows\System32\gdi32full.dll
0x00007fffa93f0000 - 0x00007fffa948e000 	C:\windows\System32\msvcrt.dll
0x00007fffa8030000 - 0x00007fffa80cd000 	C:\windows\System32\msvcp_win.dll
0x00007fffa9230000 - 0x00007fffa9260000 	C:\windows\System32\IMM32.DLL
0x00007fff59610000 - 0x00007fff596ab000 	C:\Program Files\AdoptOpenJDK\jdk-11.0.11.9-hotspot\bin\msvcp140.dll
0x00007fff58100000 - 0x00007fff58c4b000 	C:\Program Files\AdoptOpenJDK\jdk-11.0.11.9-hotspot\bin\server\jvm.dll
0x00007fffa9750000 - 0x00007fffa97fc000 	C:\windows\System32\ADVAPI32.dll
0x00007fffa9490000 - 0x00007fffa952b000 	C:\windows\System32\sechost.dll
0x00007fffa8960000 - 0x00007fffa8a8a000 	C:\windows\System32\RPCRT4.dll
0x00007fffaa690000 - 0x00007fffaa698000 	C:\windows\System32\PSAPI.DLL
0x00007fff88b00000 - 0x00007fff88b09000 	C:\windows\SYSTEM32\WSOCK32.dll
0x00007fffa0cd0000 - 0x00007fffa0cda000 	C:\windows\SYSTEM32\VERSION.dll
0x00007fff9ca40000 - 0x00007fff9ca67000 	C:\windows\SYSTEM32\WINMM.dll
0x00007fffa9b60000 - 0x00007fffa9bcb000 	C:\windows\System32\WS2_32.dll
0x00007fffa6a00000 - 0x00007fffa6a12000 	C:\windows\SYSTEM32\kernel.appcore.dll
0x00007fff8c780000 - 0x00007fff8c790000 	C:\Program Files\AdoptOpenJDK\jdk-11.0.11.9-hotspot\bin\verify.dll
0x00007fffa5e30000 - 0x00007fffa6014000 	C:\windows\SYSTEM32\DBGHELP.DLL
0x00007fffa10c0000 - 0x00007fffa10ec000 	C:\windows\SYSTEM32\dbgcore.DLL
0x00007fffa8880000 - 0x00007fffa8903000 	C:\windows\System32\bcryptPrimitives.dll
0x00007fff71a30000 - 0x00007fff71a58000 	C:\Program Files\AdoptOpenJDK\jdk-11.0.11.9-hotspot\bin\java.dll
0x00007fff8c770000 - 0x00007fff8c77a000 	C:\Program Files\AdoptOpenJDK\jdk-11.0.11.9-hotspot\bin\jimage.dll
0x00007fff9c800000 - 0x00007fff9c817000 	C:\Program Files\AdoptOpenJDK\jdk-11.0.11.9-hotspot\bin\zip.dll
0x00007fffa8a90000 - 0x00007fffa91cf000 	C:\windows\System32\SHELL32.dll
0x00007fffa6110000 - 0x00007fffa68a0000 	C:\windows\SYSTEM32\windows.storage.dll
0x00007fffa9800000 - 0x00007fffa9b55000 	C:\windows\System32\combase.dll
0x00007fffa7a80000 - 0x00007fffa7aac000 	C:\windows\SYSTEM32\Wldp.dll
0x00007fffaa760000 - 0x00007fffaa80e000 	C:\windows\System32\SHCORE.dll
0x00007fffa9c00000 - 0x00007fffa9c55000 	C:\windows\System32\shlwapi.dll
0x00007fffa7f70000 - 0x00007fffa7f8f000 	C:\windows\SYSTEM32\profapi.dll
0x00007fff6c4d0000 - 0x00007fff6c4e9000 	C:\Program Files\AdoptOpenJDK\jdk-11.0.11.9-hotspot\bin\net.dll
0x00007fffa03d0000 - 0x00007fffa04d8000 	C:\windows\SYSTEM32\WINHTTP.dll
0x00007fffa7710000 - 0x00007fffa777a000 	C:\windows\system32\mswsock.dll
0x00007fff68730000 - 0x00007fff68742000 	C:\Program Files\AdoptOpenJDK\jdk-11.0.11.9-hotspot\bin\nio.dll
0x00007fff64210000 - 0x00007fff643a9000 	C:\Program Files\AdoptOpenJDK\jdk-11.0.11.9-hotspot\bin\awt.dll
0x00007fffa9680000 - 0x00007fffa974d000 	C:\windows\System32\OLEAUT32.dll
0x00007fffa4b70000 - 0x00007fffa4c00000 	C:\windows\SYSTEM32\apphelp.dll
0x00007fffa5650000 - 0x00007fffa56ee000 	C:\windows\system32\uxtheme.dll
0x00007fffa9c60000 - 0x00007fffa9d75000 	C:\windows\System32\MSCTF.dll
0x00007fffaa560000 - 0x00007fffaa68a000 	C:\windows\System32\ole32.dll
0x00007fffa57d0000 - 0x00007fffa57ff000 	C:\windows\system32\DWMAPI.DLL
0x00007fff65e90000 - 0x00007fff65f15000 	C:\Program Files\AdoptOpenJDK\jdk-11.0.11.9-hotspot\bin\freetype.dll
0x00007fff67060000 - 0x00007fff67072000 	C:\Program Files\AdoptOpenJDK\jdk-11.0.11.9-hotspot\bin\fontmanager.dll
0x00007fff59550000 - 0x00007fff5960c000 	C:\Program Files\AdoptOpenJDK\jdk-11.0.11.9-hotspot\bin\harfbuzz.dll
0x00007fff74430000 - 0x00007fff74555000 	C:\windows\system32\opengl32.dll
0x00007fff8af10000 - 0x00007fff8af3c000 	C:\windows\SYSTEM32\GLU32.dll
0x00007fffa9340000 - 0x00007fffa93e9000 	C:\windows\System32\clbcatq.dll
0x00007fffa1ca0000 - 0x00007fffa1e54000 	C:\windows\SYSTEM32\WindowsCodecs.dll
0x00007fffa86b0000 - 0x00007fffa86d7000 	C:\windows\System32\bcrypt.dll
0x00007fffa09a0000 - 0x00007fffa09de000 	C:\windows\system32\dataexchange.dll
0x00007fffa3dd0000 - 0x00007fffa3fb6000 	C:\windows\system32\dcomp.dll
0x00007fffa3700000 - 0x00007fffa3964000 	C:\windows\system32\d3d11.dll
0x00007fffa6900000 - 0x00007fffa69f4000 	C:\windows\system32\dxgi.dll
0x00007fffa2940000 - 0x00007fffa2b41000 	C:\windows\system32\twinapi.appcore.dll
0x00007fff95a50000 - 0x00007fff95b49000 	C:\windows\SYSTEM32\textinputframework.dll
0x00007fffa3fc0000 - 0x00007fffa431e000 	C:\windows\System32\CoreUIComponents.dll
0x00007fffa47a0000 - 0x00007fffa4892000 	C:\windows\System32\CoreMessaging.dll
0x00007fffa6d20000 - 0x00007fffa6d53000 	C:\windows\SYSTEM32\ntmarta.dll
0x00007fffa4da0000 - 0x00007fffa4ef4000 	C:\windows\SYSTEM32\wintypes.dll
0x00007fff858f0000 - 0x00007fff858fe000 	C:\Program Files\AdoptOpenJDK\jdk-11.0.11.9-hotspot\bin\sunmscapi.dll
0x00007fffa8550000 - 0x00007fffa86a6000 	C:\windows\System32\CRYPT32.dll
0x00007fffa7af0000 - 0x00007fffa7b17000 	C:\windows\SYSTEM32\ncrypt.dll
0x00007fffa7ab0000 - 0x00007fffa7aeb000 	C:\windows\SYSTEM32\NTASN1.dll
0x00007fff6f230000 - 0x00007fff6f255000 	C:\Program Files\AdoptOpenJDK\jdk-11.0.11.9-hotspot\bin\sunec.dll
0x00007fffa7900000 - 0x00007fffa7918000 	C:\windows\SYSTEM32\CRYPTSP.dll
0x00007fffa7090000 - 0x00007fffa70c4000 	C:\windows\system32\rsaenh.dll
0x00007fffa7ef0000 - 0x00007fffa7f1e000 	C:\windows\SYSTEM32\USERENV.dll
0x00007fffa7920000 - 0x00007fffa792c000 	C:\windows\SYSTEM32\CRYPTBASE.dll
0x00007fffa7400000 - 0x00007fffa743b000 	C:\windows\SYSTEM32\IPHLPAPI.DLL
0x00007fffa9670000 - 0x00007fffa9678000 	C:\windows\System32\NSI.dll
0x00007fffa0bc0000 - 0x00007fffa0bd7000 	C:\windows\SYSTEM32\dhcpcsvc6.DLL
0x00007fffa0ba0000 - 0x00007fffa0bbd000 	C:\windows\SYSTEM32\dhcpcsvc.DLL
0x00007fffa7490000 - 0x00007fffa755c000 	C:\windows\SYSTEM32\DNSAPI.dll
0x00007fff55740000 - 0x00007fff5690b000 	C:\Users\Futuristic Ltd\OneDrive\Documents\NetBeansProjects\kaa-biometrics\IDMSBiometrics\IDMSBiometrics\target\lib\x86_64-win32\morphobop.dll
0x0000000063ef0000 - 0x0000000063fb9000 	C:\windows\WinSxS\amd64_microsoft.vc80.crt_1fc8b3b9a1e18e3b_8.0.50727.9672_none_88e266cb2fac7c0d\MSVCR80.dll
0x0000000062d80000 - 0x0000000062e89000 	C:\windows\WinSxS\amd64_microsoft.vc80.crt_1fc8b3b9a1e18e3b_8.0.50727.9672_none_88e266cb2fac7c0d\MSVCP80.dll
0x00007fffa8910000 - 0x00007fffa895e000 	C:\windows\System32\cfgmgr32.dll
0x00007fff54590000 - 0x00007fff54b4e000 	C:\Users\Futuristic Ltd\OneDrive\Documents\NetBeansProjects\kaa-biometrics\IDMSBiometrics\IDMSBiometrics\target\lib\x86_64-win32\MorphoBopDriverForMorphoTop\CustomerServices.dll
0x0000000062cd0000 - 0x0000000062d73000 	C:\windows\WinSxS\amd64_microsoft.vc90.crt_1fc8b3b9a1e18e3b_9.0.30729.9625_none_08e1c10da83fbc83\MSVCR90.dll

dbghelp: loaded successfully - version: 4.0.5 - missing functions: none
symbol engine: initialized successfully - sym options: 0x614 - pdb path: .;C:\Program Files\AdoptOpenJDK\jdk-11.0.11.9-hotspot\bin;C:\windows\SYSTEM32;C:\windows\WinSxS\amd64_microsoft.windows.common-controls_6595b64144ccf1df_6.0.19041.1110_none_60b5254171f9507e;C:\Program Files\AdoptOpenJDK\jdk-11.0.11.9-hotspot\bin\server;C:\Users\Futuristic Ltd\OneDrive\Documents\NetBeansProjects\kaa-biometrics\IDMSBiometrics\IDMSBiometrics\target\lib\x86_64-win32;C:\windows\WinSxS\amd64_microsoft.vc80.crt_1fc8b3b9a1e18e3b_8.0.50727.9672_none_88e266cb2fac7c0d;C:\Users\Futuristic Ltd\OneDrive\Documents\NetBeansProjects\kaa-biometrics\IDMSBiometrics\IDMSBiometrics\target\lib\x86_64-win32\MorphoBopDriverForMorphoTop;C:\windows\WinSxS\amd64_microsoft.vc90.crt_1fc8b3b9a1e18e3b_9.0.30729.9625_none_08e1c10da83fbc83

VM Arguments:
java_command: futuristicbio.biometrics.Login_Frame
java_class_path (initial): C:\Users\Futuristic Ltd\OneDrive\Documents\NetBeansProjects\kaa-biometrics\IDMSBiometrics\IDMSBiometrics\target\classes;C:\Users\Futuristic Ltd\.m2\repository\flsx\flsx\1.0\flsx-1.0.jar;C:\Users\Futuristic Ltd\.m2\repository\flsxLicense\flsxLicense\1.0\flsxLicense-1.0.jar;C:\Users\Futuristic Ltd\.m2\repository\jnbis\jnbis\2.0.0\jnbis-2.0.0.jar;C:\Users\Futuristic Ltd\.m2\repository\jsch\jsch\0.1.54\jsch-0.1.54.jar;C:\Users\Futuristic Ltd\.m2\repository\mysql\mysql-connector-java\5.1.49\mysql-connector-java-5.1.49.jar;C:\Users\Futuristic Ltd\.m2\repository\morphobopapi\morphobopapi\1.0\morphobopapi-1.0.jar;C:\Users\Futuristic Ltd\.m2\repository\morphobopgui\morphobopgui\1.0\morphobopgui-1.0.jar;C:\Users\Futuristic Ltd\.m2\repository\jna\jana\4.2.2\jana-4.2.2.jar;C:\Users\Futuristic Ltd\.m2\repository\jna-platform\jna-platform\4.2.2\jna-platform-4.2.2.jar;C:\Users\Futuristic Ltd\.m2\repository\commons-io\commons-io\2.6\commons-io-2.6.jar;C:\Users\Futuristic Ltd\.m2\repository\imgscalr-lib\imgscalr-lib\4.2\imgscalr-lib-4.2.jar;C:\Users\Futuristic Ltd\.m2\repository\anarres-jnaerator\anarres-jnaerator\1.2.9\anarres-jnaerator-1.2.9.jar;C:\Users\Futuristic Ltd\.m2\repository\jackson-databind\jackson-databind\2.9.0\jackson-databind-2.9.0.jar;C:\Users\Futuristic Ltd\.m2\repository\com\fasterxml\jackson\core\jackson-core\2.9.0\jackson-core-2.9.0.jar;C:\Users\Futuristic Ltd\.m2\repository\jackson-annotation\jackson-annotation\2.9.0\jackson-annotation-2.9.0.jar;C:\Users\Futuristic Ltd\.m2\repository\org\json\json\20210307\json-20210307.jar;C:\Users\Futuristic Ltd\.m2\repository\org\beanshell\bsh\2.0b4\bsh-2.0b4.jar;C:\Users\Futuristic Ltd\.m2\repository\com\toedter\jcalendar\1.4\jcalendar-1.4.jar
Launcher Type: SUN_STANDARD

[Global flags]
     intx CICompilerCount                          = 4                                         {product} {ergonomic}
     uint ConcGCThreads                            = 2                                         {product} {ergonomic}
     uint G1ConcRefinementThreads                  = 8                                         {product} {ergonomic}
   size_t G1HeapRegionSize                         = 1048576                                   {product} {ergonomic}
    uintx GCDrainStackTargetSize                   = 64                                        {product} {ergonomic}
   size_t InitialHeapSize                          = 132120576                                 {product} {ergonomic}
   size_t MarkStackSize                            = 4194304                                   {product} {ergonomic}
   size_t MaxHeapSize                              = 2097152000                                {product} {ergonomic}
   size_t MaxNewSize                               = 1258291200                                {product} {ergonomic}
   size_t MinHeapDeltaBytes                        = 1048576                                   {product} {ergonomic}
    uintx NonNMethodCodeHeapSize                   = 5836300                                {pd product} {ergonomic}
    uintx NonProfiledCodeHeapSize                  = 122910970                              {pd product} {ergonomic}
    uintx ProfiledCodeHeapSize                     = 122910970                              {pd product} {ergonomic}
    uintx ReservedCodeCacheSize                    = 251658240                              {pd product} {ergonomic}
     bool SegmentedCodeCache                       = true                                      {product} {ergonomic}
     bool UseCompressedClassPointers               = true                                 {lp64_product} {ergonomic}
     bool UseCompressedOops                        = true                                 {lp64_product} {ergonomic}
     bool UseG1GC                                  = true                                      {product} {ergonomic}
     bool UseLargePagesIndividualAllocation        = false                                  {pd product} {ergonomic}

Logging:
Log output configuration:
 #0: stdout all=warning uptime,level,tags
 #1: stderr all=off uptime,level,tags

Environment Variables:
JAVA_HOME=C:\Program Files\AdoptOpenJDK\jdk-11.0.11.9-hotspot
PATH=C:\Program Files\Common Files\Oracle\Java\javapath;C:\Program Files (x86)\Common Files\Oracle\Java\javapath;C:\Program Files\AdoptOpenJDK\jdk-11.0.11.9-hotspot\bin;C:\windows\system32;C:\windows;C:\windows\System32\Wbem;C:\windows\System32\WindowsPowerShell\v1.0\;C:\windows\System32\OpenSSH\;C:\Program Files\PuTTY\;C:\Program Files\Java\jre1.8.0_201\bin;C:\Program Files\TortoiseGit\bin;C:\Program Files\Git\cmd;C:\Users\Futuristic Ltd\AppData\Local\Microsoft\WindowsApps;;C:\Users\Futuristic Ltd\AppData\Local\Programs\Microsoft VS Code\bin;C:\Program Files\JetBrains\IntelliJ IDEA 2021.1.3\bin;;C:\Program Files\JetBrains\CLion 2021.2.1\bin;;C:\Program Files\BioStar 2(x64)\ve\dist\lib\bsve\dll;
USERNAME=Futuristic Ltd
OS=Windows_NT
PROCESSOR_IDENTIFIER=Intel64 Family 6 Model 142 Stepping 12, GenuineIntel



---------------  S Y S T E M  ---------------

OS: Windows 10 , 64 bit Build 19041 (10.0.19041.1202)
OS uptime: 0 days 0:49 hours

CPU:total 8 (initial active 8) (4 cores per cpu, 2 threads per core) family 6 model 142 stepping 12 microcode 0xde, cmov, cx8, fxsr, mmx, sse, sse2, sse3, ssse3, sse4.1, sse4.2, popcnt, avx, avx2, aes, clmul, erms, 3dnowpref, lzcnt, ht, tsc, tscinvbit, bmi1, bmi2, adx, fma

Memory: 4k page, system-wide physical 7995M (2812M free)
TotalPageFile size 20283M (AvailPageFile size 8531M)
current process WorkingSet (physical memory assigned to process): 166M, peak: 282M
current process commit charge ("private bytes"): 266M, peak: 475M

vm_info: OpenJDK 64-Bit Server VM (11.0.11+9) for windows-amd64 JRE (11.0.11+9), built on Apr 20 2021 21:22:09 by "" with MS VC++ 15.9 (VS2017)

END.
