#
# A fatal error has been detected by the Java Runtime Environment:
#
#  EXCEPTION_ACCESS_VIOLATION (0xc0000005) at pc=0x00007ffc2855bb63, pid=11416, tid=416
#
# JRE version: OpenJDK Runtime Environment AdoptOpenJDK-11.0.11+9 (11.0.11+9) (build 11.0.11+9)
# Java VM: OpenJDK 64-Bit Server VM AdoptOpenJDK-11.0.11+9 (11.0.11+9, mixed mode, tiered, compressed oops, g1 gc, windows-amd64)
# Problematic frame:
# C  [morphobop.dll+0x6bb63]
#
# No core dump will be written. Minidumps are not enabled by default on client versions of Windows
#
# If you would like to submit a bug report, please visit:
#   https://github.com/AdoptOpenJDK/openjdk-support/issues
# The crash happened outside the Java Virtual Machine in native code.
# See problematic frame for where to report the bug.
#

---------------  S U M M A R Y ------------

Command Line: futuristicbio.biometrics.Welcome_Page

Host: Intel(R) Core(TM) i7-10510U CPU @ 1.80GHz, 8 cores, 7G,  Windows 10 , 64 bit Build 19041 (10.0.19041.1202)
Time: Tue Nov  2 14:44:14 2021 E. Africa Standard Time elapsed time: 220.741530 seconds (0d 0h 3m 40s)

---------------  T H R E A D  ---------------

Current thread (0x000001f713bc2000):  JavaThread "AWT-EventQueue-0" [_thread_in_native, id=416, stack(0x000000e9ac600000,0x000000e9ac700000)]

Stack: [0x000000e9ac600000,0x000000e9ac700000],  sp=0x000000e9ac6fafc0,  free space=1003k
Native frames: (J=compiled Java code, j=interpreted, Vv=VM code, C=native code)
C  [morphobop.dll+0x6bb63]

Java frames: (J=compiled Java code, j=interpreted, Vv=VM code)
j  com.morpho.mbop.api.MBOP_WrapJavaJNI.CoreInternal_Close(JLcom/morpho/mbop/api/CoreInternal;)V+0
j  com.morpho.mbop.api.CoreInternal.Close()V+5
j  com.morpho.mbop.api.Core.Close()V+11
j  futuristicbio.biometrics.OptionsFrame.stopExample()V+58
j  Fragments.FragmentMorpho.button1ActionPerformed(Ljava/awt/event/ActionEvent;)V+318
j  Fragments.FragmentMorpho$4.actionPerformed(Ljava/awt/event/ActionEvent;)V+5
j  java.awt.Button.processActionEvent(Ljava/awt/event/ActionEvent;)V+11 java.desktop@11.0.11
j  java.awt.Button.processEvent(Ljava/awt/AWTEvent;)V+12 java.desktop@11.0.11
J 1791 c1 java.awt.Component.dispatchEventImpl(Ljava/awt/AWTEvent;)V java.desktop@11.0.11 (777 bytes) @ 0x000001f700918654 [0x000001f700914a40+0x0000000000003c14]
J 4548 c2 java.awt.EventQueue$4.run()Ljava/lang/Object; java.desktop@11.0.11 (5 bytes) @ 0x000001f707d4b22c [0x000001f707d4ace0+0x000000000000054c]
v  ~StubRoutines::call_stub
J 923  java.security.AccessController.doPrivileged(Ljava/security/PrivilegedAction;Ljava/security/AccessControlContext;)Ljava/lang/Object; java.base@11.0.11 (0 bytes) @ 0x000001f707b1a4a6 [0x000001f707b1a440+0x0000000000000066]
J 1509 c1 java.awt.EventQueue$5.run()Ljava/lang/Object; java.desktop@11.0.11 (5 bytes) @ 0x000001f70085d30c [0x000001f70085cfc0+0x000000000000034c]
v  ~StubRoutines::call_stub
J 923  java.security.AccessController.doPrivileged(Ljava/security/PrivilegedAction;Ljava/security/AccessControlContext;)Ljava/lang/Object; java.base@11.0.11 (0 bytes) @ 0x000001f707b1a4a6 [0x000001f707b1a440+0x0000000000000066]
J 4542 c2 java.awt.EventQueue.dispatchEvent(Ljava/awt/AWTEvent;)V java.desktop@11.0.11 (80 bytes) @ 0x000001f707d48718 [0x000001f707d483c0+0x0000000000000358]
J 4552 c2 java.awt.EventDispatchThread.pumpOneEventForFilters(I)V java.desktop@11.0.11 (113 bytes) @ 0x000001f707d52594 [0x000001f707d52420+0x0000000000000174]
j  java.awt.EventDispatchThread.pumpEventsForFilter(ILjava/awt/Conditional;Ljava/awt/EventFilter;)V+35 java.desktop@11.0.11
j  java.awt.EventDispatchThread.pumpEventsForHierarchy(ILjava/awt/Conditional;Ljava/awt/Component;)V+11 java.desktop@11.0.11
j  java.awt.EventDispatchThread.pumpEvents(ILjava/awt/Conditional;)V+4 java.desktop@11.0.11
j  java.awt.EventDispatchThread.pumpEvents(Ljava/awt/Conditional;)V+3 java.desktop@11.0.11
j  java.awt.EventDispatchThread.run()V+9 java.desktop@11.0.11
v  ~StubRoutines::call_stub

siginfo: EXCEPTION_ACCESS_VIOLATION (0xc0000005), reading address 0xffffffffffffffff


Register to memory mapping:

RIP=0x00007ffc2855bb63 morphobop.dll
RAX=0x000000e9ac6fb070 is pointing into the stack for thread: 0x000001f713bc2000
RBX=0x000001f719a26ec0 points into unknown readable memory: 0x000001f719a26bc0 | c0 6b a2 19 f7 01 00 00
RCX=0x000001f719a29590 points into unknown readable memory: 0x000001f719a2ecf0 | f0 ec a2 19 f7 01 00 00
RDX=0x0000000000000004 is an unknown value
RSP=0x000000e9ac6fafc0 is pointing into the stack for thread: 0x000001f713bc2000
RBP=0x000000e9ac6fb408 is pointing into the stack for thread: 0x000001f713bc2000
RSI=0x000000e9ac6fb070 is pointing into the stack for thread: 0x000001f713bc2000
RDI=0x000000e9ac6fb010 is pointing into the stack for thread: 0x000001f713bc2000
R8 =0x000000000000037c is an unknown value
R9 =0x000000e9ac6fb070 is pointing into the stack for thread: 0x000001f713bc2000
R10=0x000001f719a2ecf0 points into unknown readable memory: 0x000001f719a2a480 | 80 a4 a2 19 f7 01 00 00
R11=0x000001f719a28d10 points into unknown readable memory: 0x6f532f2e2e2f2e2e | 2e 2e 2f 2e 2e 2f 53 6f
R12=0x000000e9ac6fb038 is pointing into the stack for thread: 0x000001f713bc2000
R13=0x000001f719a26bc0 points into unknown readable memory: 0x000001f719a26ec0 | c0 6e a2 19 f7 01 00 00
R14=0x000001f719a29590 points into unknown readable memory: 0x000001f719a2ecf0 | f0 ec a2 19 f7 01 00 00
R15=0x000000e9ac6fb010 is pointing into the stack for thread: 0x000001f713bc2000


Registers:
RAX=0x000000e9ac6fb070, RBX=0x000001f719a26ec0, RCX=0x000001f719a29590, RDX=0x0000000000000004
RSP=0x000000e9ac6fafc0, RBP=0x000000e9ac6fb408, RSI=0x000000e9ac6fb070, RDI=0x000000e9ac6fb010
R8 =0x000000000000037c, R9 =0x000000e9ac6fb070, R10=0x000001f719a2ecf0, R11=0x000001f719a28d10
R12=0x000000e9ac6fb038, R13=0x000001f719a26bc0, R14=0x000001f719a29590, R15=0x000000e9ac6fb010
RIP=0x00007ffc2855bb63, EFLAGS=0x0000000000010206

Top of Stack: (sp=0x000000e9ac6fafc0)
0x000000e9ac6fafc0:   000001f719a26ec0 000001f719a26bc0
0x000000e9ac6fafd0:   000001f70000037a 000000e9ac6fb070
0x000000e9ac6fafe0:   000000e9ac6fb038 000001f719a2e2e0
0x000000e9ac6faff0:   000000e9ac6fb010 000001f719a26bc0
0x000000e9ac6fb000:   000000e9ac6fb010 000001f719a26ec0
0x000000e9ac6fb010:   000000e9ac6fb408 000001f719a26bc0
0x000000e9ac6fb020:   0000000000000001 0000000000000000
0x000000e9ac6fb030:   000000000000000f 0000000061506dfb
0x000000e9ac6fb040:   000001f719a2d280 0000000000000000
0x000000e9ac6fb050:   0000000000000034 000000000000003f
0x000000e9ac6fb060:   fffffffffffffffe 00007ffc833147b1
0x000000e9ac6fb070:   000001f719a2e848 000001f719a28d10
0x000000e9ac6fb080:   000000e9ac6fb408 000000000000002a
0x000000e9ac6fb090:   000000000000002f 00007ffc28645bd1
0x000000e9ac6fb0a0:   000001f719a2e840 0000000061506dfb
0x000000e9ac6fb0b0:   0000000000000001 000001f719a29628 

Instructions: (pc=0x00007ffc2855bb63)
0x00007ffc2855ba63:   48 89 84 24 58 01 00 00 48 8d 15 ee c9 8c 00 48
0x00007ffc2855ba73:   8d 4c 24 78 ff 15 d3 29 14 01 4c 8b e0 48 8d 15
0x00007ffc2855ba83:   21 bb 8c 00 48 8d 8c 24 b0 00 00 00 ff 15 bb 29
0x00007ffc2855ba93:   14 01 48 8b f0 48 85 ff 75 06 ff 15 15 31 14 01
0x00007ffc2855baa3:   48 3b 5f 08 75 06 ff 15 09 31 14 01 4d 8b 16 48
0x00007ffc2855bab3:   8b 43 10 48 89 44 24 28 4c 89 64 24 20 4c 8b ce
0x00007ffc2855bac3:   ba 04 00 00 00 41 b8 7a 03 00 00 49 8b ce 41 ff
0x00007ffc2855bad3:   52 38 48 85 ff 75 06 ff 15 d8 30 14 01 48 3b 5f
0x00007ffc2855bae3:   08 75 06 ff 15 cc 30 14 01 48 8b 4b 10 48 8b 01
0x00007ffc2855baf3:   ff 50 10 4d 85 f6 74 6c 48 8d 44 24 78 48 89 84
0x00007ffc2855bb03:   24 58 01 00 00 48 8d 15 19 c9 8c 00 48 8d 4c 24
0x00007ffc2855bb13:   78 ff 15 36 29 14 01 4c 8b e0 48 8d 15 84 ba 8c
0x00007ffc2855bb23:   00 48 8d 8c 24 b0 00 00 00 ff 15 1e 29 14 01 48
0x00007ffc2855bb33:   8b f0 48 3b 5f 08 75 06 ff 15 77 30 14 01 4d 8b
0x00007ffc2855bb43:   16 48 8b 4b 10 48 89 4c 24 28 4c 89 64 24 20 4c
0x00007ffc2855bb53:   8b ce ba 04 00 00 00 41 b8 7c 03 00 00 49 8b ce
0x00007ffc2855bb63:   41 ff 52 38 48 3b 5f 08 75 06 ff 15 45 30 14 01
0x00007ffc2855bb73:   48 8b 1b e9 c5 fe ff ff 48 8b 74 24 58 48 8b 0e
0x00007ffc2855bb83:   48 89 36 48 8b 44 24 58 48 89 40 08 48 c7 44 24
0x00007ffc2855bb93:   60 00 00 00 00 66 66 66 90 66 66 66 90 48 8b 44
0x00007ffc2855bba3:   24 58 48 3b c8 74 0d 48 8b 19 e8 ce b3 6d 00 48
0x00007ffc2855bbb3:   8b cb eb e9 48 8b c8 e8 c1 b3 6d 00 4d 85 f6 74
0x00007ffc2855bbc3:   55 48 8d 44 24 78 48 89 84 24 58 01 00 00 48 8d
0x00007ffc2855bbd3:   15 30 c8 8c 00 48 8d 4c 24 78 ff 15 6d 28 14 01
0x00007ffc2855bbe3:   48 8b d8 48 8d 15 bb b9 8c 00 48 8d 8c 24 b0 00
0x00007ffc2855bbf3:   00 00 ff 15 55 28 14 01 4d 8b 16 48 89 5c 24 20
0x00007ffc2855bc03:   4c 8b c8 ba 04 00 00 00 41 b8 80 03 00 00 49 8b
0x00007ffc2855bc13:   ce 41 ff 52 38 90 4c 8d 9c 24 20 01 00 00 49 8b
0x00007ffc2855bc23:   5b 40 49 8b 73 48 49 8b e3 41 5f 41 5e 41 5d 41
0x00007ffc2855bc33:   5c 5f c3 cc cc cc cc cc cc cc cc cc cc 40 55 48
0x00007ffc2855bc43:   83 ec 20 48 8b ea 48 8b 8d 58 01 00 00 ff 15 ea
0x00007ffc2855bc53:   27 14 01 48 83 c4 20 5d c3 cc cc cc cc 40 55 48 


Stack slot to memory mapping:
stack at sp + 0 slots: 0x000001f719a26ec0 points into unknown readable memory: 0x000001f719a26bc0 | c0 6b a2 19 f7 01 00 00
stack at sp + 1 slots: 0x000001f719a26bc0 points into unknown readable memory: 0x000001f719a26ec0 | c0 6e a2 19 f7 01 00 00
stack at sp + 2 slots: 0x000001f70000037a points into unknown readable memory: 00 00 00 00 00 00
stack at sp + 3 slots: 0x000000e9ac6fb070 is pointing into the stack for thread: 0x000001f713bc2000
stack at sp + 4 slots: 0x000000e9ac6fb038 is pointing into the stack for thread: 0x000001f713bc2000
stack at sp + 5 slots: 0x000001f719a2e2e0 points into unknown readable memory: 0x00007ffc28e22c70 | 70 2c e2 28 fc 7f 00 00
stack at sp + 6 slots: 0x000000e9ac6fb010 is pointing into the stack for thread: 0x000001f713bc2000
stack at sp + 7 slots: 0x000001f719a26bc0 points into unknown readable memory: 0x000001f719a26ec0 | c0 6e a2 19 f7 01 00 00


---------------  P R O C E S S  ---------------

Threads class SMR info:
_java_thread_list=0x000001f714c9e770, length=17, elements={
0x000001f77f7ba800, 0x000001f77f7e8800, 0x000001f77f7f7000, 0x000001f77f7f9000,
0x000001f77f7fc000, 0x000001f77f809800, 0x000001f77f977800, 0x000001f77f990000,
0x000001f77fadf800, 0x000001f713a1f000, 0x000001f713a20000, 0x000001f7139fc800,
0x000001f713bc2000, 0x000001f773833800, 0x000001f714b56000, 0x000001f713967000,
0x000001f7180b8800
}

Java Threads: ( => current thread )
  0x000001f77f7ba800 JavaThread "Reference Handler" daemon [_thread_blocked, id=1552, stack(0x000000e9ab900000,0x000000e9aba00000)]
  0x000001f77f7e8800 JavaThread "Finalizer" daemon [_thread_blocked, id=1612, stack(0x000000e9aba00000,0x000000e9abb00000)]
  0x000001f77f7f7000 JavaThread "Signal Dispatcher" daemon [_thread_blocked, id=1688, stack(0x000000e9abb00000,0x000000e9abc00000)]
  0x000001f77f7f9000 JavaThread "Attach Listener" daemon [_thread_blocked, id=440, stack(0x000000e9abc00000,0x000000e9abd00000)]
  0x000001f77f7fc000 JavaThread "Service Thread" daemon [_thread_blocked, id=280, stack(0x000000e9abd00000,0x000000e9abe00000)]
  0x000001f77f809800 JavaThread "C2 CompilerThread0" daemon [_thread_blocked, id=1184, stack(0x000000e9abe00000,0x000000e9abf00000)]
  0x000001f77f977800 JavaThread "C1 CompilerThread0" daemon [_thread_blocked, id=256, stack(0x000000e9abf00000,0x000000e9ac000000)]
  0x000001f77f990000 JavaThread "Sweeper thread" daemon [_thread_blocked, id=564, stack(0x000000e9ac000000,0x000000e9ac100000)]
  0x000001f77fadf800 JavaThread "Common-Cleaner" daemon [_thread_blocked, id=484, stack(0x000000e9ac200000,0x000000e9ac300000)]
  0x000001f713a1f000 JavaThread "Java2D Disposer" daemon [_thread_blocked, id=8448, stack(0x000000e9ac300000,0x000000e9ac400000)]
  0x000001f713a20000 JavaThread "AWT-Shutdown" [_thread_blocked, id=7468, stack(0x000000e9ac400000,0x000000e9ac500000)]
  0x000001f7139fc800 JavaThread "AWT-Windows" daemon [_thread_in_native, id=7224, stack(0x000000e9ac500000,0x000000e9ac600000)]
=>0x000001f713bc2000 JavaThread "AWT-EventQueue-0" [_thread_in_native, id=416, stack(0x000000e9ac600000,0x000000e9ac700000)]
  0x000001f773833800 JavaThread "DestroyJavaVM" [_thread_blocked, id=8264, stack(0x000000e9ab200000,0x000000e9ab300000)]
  0x000001f714b56000 JavaThread "TimerQueue" daemon [_thread_blocked, id=11576, stack(0x000000e9acb00000,0x000000e9acc00000)]
  0x000001f713967000 JavaThread "mysql-cj-abandoned-connection-cleanup" daemon [_thread_blocked, id=2084, stack(0x000000e9ad200000,0x000000e9ad300000)]
  0x000001f7180b8800 JavaThread "SwingWorker-pool-1-thread-1" daemon [_thread_blocked, id=9476, stack(0x000000e9aaf00000,0x000000e9ab000000)]

Other Threads:
  0x000001f77f7b9000 VMThread "VM Thread" [stack: 0x000000e9ab800000,0x000000e9ab900000] [id=8380]
  0x000001f77fadf000 WatcherThread [stack: 0x000000e9ac100000,0x000000e9ac200000] [id=500]
  0x000001f77384b000 GCTaskThread "GC Thread#0" [stack: 0x000000e9ab300000,0x000000e9ab400000] [id=9088]
  0x000001f7138b8000 GCTaskThread "GC Thread#1" [stack: 0x000000e9ac700000,0x000000e9ac800000] [id=8708]
  0x000001f713817800 GCTaskThread "GC Thread#2" [stack: 0x000000e9acc00000,0x000000e9acd00000] [id=992]
  0x000001f714a37800 GCTaskThread "GC Thread#3" [stack: 0x000000e9acd00000,0x000000e9ace00000] [id=8560]
  0x000001f714a38000 GCTaskThread "GC Thread#4" [stack: 0x000000e9ace00000,0x000000e9acf00000] [id=5840]
  0x000001f714ee2000 GCTaskThread "GC Thread#5" [stack: 0x000000e9acf00000,0x000000e9ad000000] [id=6320]
  0x000001f77387c000 ConcurrentGCThread "G1 Main Marker" [stack: 0x000000e9ab400000,0x000000e9ab500000] [id=4828]
  0x000001f77387d800 ConcurrentGCThread "G1 Conc#0" [stack: 0x000000e9ab500000,0x000000e9ab600000] [id=4956]
  0x000001f77fbff000 ConcurrentGCThread "G1 Conc#1" [stack: 0x000000e9ad400000,0x000000e9ad500000] [id=12360]
  0x000001f77f620800 ConcurrentGCThread "G1 Refine#0" [stack: 0x000000e9ab600000,0x000000e9ab700000] [id=9816]
  0x000001f77fcde800 ConcurrentGCThread "G1 Refine#1" [stack: 0x000000e9ad000000,0x000000e9ad100000] [id=12812]
  0x000001f713950000 ConcurrentGCThread "G1 Refine#2" [stack: 0x000000e9ad100000,0x000000e9ad200000] [id=5748]
  0x000001f77f622000 ConcurrentGCThread "G1 Young RemSet Sampling" [stack: 0x000000e9ab700000,0x000000e9ab800000] [id=8864]

Threads with active compile tasks:

VM state:not at safepoint (normal execution)

VM Mutex/Monitor currently owned by a thread: None

Heap address: 0x0000000083000000, size: 2000 MB, Compressed Oops mode: 32-bit
Narrow klass base: 0x0000000000000000, Narrow klass shift: 3
Compressed class space size: 1073741824 Address: 0x0000000100000000

Heap:
 garbage-first heap   total 129024K, used 49764K [0x0000000083000000, 0x0000000100000000)
  region size 1024K, 23 young (23552K), 7 survivors (7168K)
 Metaspace       used 32629K, capacity 33271K, committed 33584K, reserved 1079296K
  class space    used 3601K, capacity 3855K, committed 3968K, reserved 1048576K
Heap Regions: E=young(eden), S=young(survivor), O=old, HS=humongous(starts), HC=humongous(continues), CS=collection set, F=free, A=archive, TAMS=top-at-mark-start (previous, next)
|   0|0x0000000083000000, 0x0000000083100000, 0x0000000083100000|100%|HS|  |TAMS 0x0000000083100000, 0x0000000083000000| Complete 
|   1|0x0000000083100000, 0x0000000083200000, 0x0000000083200000|100%|HC|  |TAMS 0x0000000083200000, 0x0000000083100000| Complete 
|   2|0x0000000083200000, 0x0000000083300000, 0x0000000083300000|100%|HS|  |TAMS 0x0000000083200000, 0x0000000083200000| Complete 
|   3|0x0000000083300000, 0x0000000083300000, 0x0000000083400000|  0%| F|  |TAMS 0x0000000083300000, 0x0000000083300000| Untracked 
|   4|0x0000000083400000, 0x0000000083500000, 0x0000000083500000|100%|HS|  |TAMS 0x0000000083500000, 0x0000000083400000| Complete 
|   5|0x0000000083500000, 0x0000000083600000, 0x0000000083600000|100%|HC|  |TAMS 0x0000000083600000, 0x0000000083500000| Complete 
|   6|0x0000000083600000, 0x0000000083700000, 0x0000000083700000|100%| O|  |TAMS 0x0000000083700000, 0x0000000083600000| Untracked 
|   7|0x0000000083700000, 0x0000000083800000, 0x0000000083800000|100%| O|  |TAMS 0x0000000083800000, 0x0000000083700000| Untracked 
|   8|0x0000000083800000, 0x0000000083900000, 0x0000000083900000|100%| O|  |TAMS 0x0000000083900000, 0x0000000083800000| Untracked 
|   9|0x0000000083900000, 0x0000000083a00000, 0x0000000083a00000|100%| O|  |TAMS 0x0000000083a00000, 0x0000000083900000| Untracked 
|  10|0x0000000083a00000, 0x0000000083b00000, 0x0000000083b00000|100%| O|  |TAMS 0x0000000083b00000, 0x0000000083a00000| Untracked 
|  11|0x0000000083b00000, 0x0000000083c00000, 0x0000000083c00000|100%| O|  |TAMS 0x0000000083c00000, 0x0000000083b00000| Untracked 
|  12|0x0000000083c00000, 0x0000000083d00000, 0x0000000083d00000|100%| O|  |TAMS 0x0000000083d00000, 0x0000000083c00000| Untracked 
|  13|0x0000000083d00000, 0x0000000083d4c600, 0x0000000083e00000| 29%| O|  |TAMS 0x0000000083d4c600, 0x0000000083d00000| Untracked 
|  14|0x0000000083e00000, 0x0000000083f00000, 0x0000000083f00000|100%|HS|  |TAMS 0x0000000083e00000, 0x0000000083e00000| Complete 
|  15|0x0000000083f00000, 0x0000000084000000, 0x0000000084000000|100%|HC|  |TAMS 0x0000000083f00000, 0x0000000083f00000| Complete 
|  16|0x0000000084000000, 0x0000000084100000, 0x0000000084100000|100%|HC|  |TAMS 0x0000000084000000, 0x0000000084000000| Complete 
|  17|0x0000000084100000, 0x0000000084200000, 0x0000000084200000|100%|HC|  |TAMS 0x0000000084100000, 0x0000000084100000| Complete 
|  18|0x0000000084200000, 0x0000000084300000, 0x0000000084300000|100%|HS|  |TAMS 0x0000000084200000, 0x0000000084200000| Complete 
|  19|0x0000000084300000, 0x0000000084400000, 0x0000000084400000|100%|HC|  |TAMS 0x0000000084300000, 0x0000000084300000| Complete 
|  20|0x0000000084400000, 0x0000000084500000, 0x0000000084500000|100%|HC|  |TAMS 0x0000000084400000, 0x0000000084400000| Complete 
|  21|0x0000000084500000, 0x0000000084600000, 0x0000000084600000|100%|HC|  |TAMS 0x0000000084500000, 0x0000000084500000| Complete 
|  22|0x0000000084600000, 0x0000000084700000, 0x0000000084700000|100%|HS|  |TAMS 0x0000000084600000, 0x0000000084600000| Complete 
|  23|0x0000000084700000, 0x0000000084800000, 0x0000000084800000|100%|HC|  |TAMS 0x0000000084700000, 0x0000000084700000| Complete 
|  24|0x0000000084800000, 0x0000000084900000, 0x0000000084900000|100%|HC|  |TAMS 0x0000000084800000, 0x0000000084800000| Complete 
|  25|0x0000000084900000, 0x0000000084a00000, 0x0000000084a00000|100%|HC|  |TAMS 0x0000000084900000, 0x0000000084900000| Complete 
|  26|0x0000000084a00000, 0x0000000084b00000, 0x0000000084b00000|100%|HC|  |TAMS 0x0000000084a00000, 0x0000000084a00000| Complete 
|  27|0x0000000084b00000, 0x0000000084c00000, 0x0000000084c00000|100%|HC|  |TAMS 0x0000000084b00000, 0x0000000084b00000| Complete 
|  28|0x0000000084c00000, 0x0000000084d00000, 0x0000000084d00000|100%|HC|  |TAMS 0x0000000084c00000, 0x0000000084c00000| Complete 
|  29|0x0000000084d00000, 0x0000000084e00000, 0x0000000084e00000|100%|HC|  |TAMS 0x0000000084d00000, 0x0000000084d00000| Complete 
|  30|0x0000000084e00000, 0x0000000084e00000, 0x0000000084f00000|  0%| F|  |TAMS 0x0000000084e00000, 0x0000000084e00000| Untracked 
|  31|0x0000000084f00000, 0x0000000084f00000, 0x0000000085000000|  0%| F|  |TAMS 0x0000000084f00000, 0x0000000084f00000| Untracked 
|  32|0x0000000085000000, 0x0000000085000000, 0x0000000085100000|  0%| F|  |TAMS 0x0000000085000000, 0x0000000085000000| Untracked 
|  33|0x0000000085100000, 0x0000000085100000, 0x0000000085200000|  0%| F|  |TAMS 0x0000000085100000, 0x0000000085100000| Untracked 
|  34|0x0000000085200000, 0x0000000085200000, 0x0000000085300000|  0%| F|  |TAMS 0x0000000085200000, 0x0000000085200000| Untracked 
|  35|0x0000000085300000, 0x0000000085300000, 0x0000000085400000|  0%| F|  |TAMS 0x0000000085300000, 0x0000000085300000| Untracked 
|  36|0x0000000085400000, 0x0000000085400000, 0x0000000085500000|  0%| F|  |TAMS 0x0000000085400000, 0x0000000085400000| Untracked 
|  37|0x0000000085500000, 0x0000000085500000, 0x0000000085600000|  0%| F|  |TAMS 0x0000000085500000, 0x0000000085500000| Untracked 
|  38|0x0000000085600000, 0x0000000085600000, 0x0000000085700000|  0%| F|  |TAMS 0x0000000085600000, 0x0000000085600000| Untracked 
|  39|0x0000000085700000, 0x0000000085700000, 0x0000000085800000|  0%| F|  |TAMS 0x0000000085700000, 0x0000000085700000| Untracked 
|  40|0x0000000085800000, 0x0000000085800000, 0x0000000085900000|  0%| F|  |TAMS 0x0000000085800000, 0x0000000085800000| Untracked 
|  41|0x0000000085900000, 0x0000000085900000, 0x0000000085a00000|  0%| F|  |TAMS 0x0000000085900000, 0x0000000085900000| Untracked 
|  42|0x0000000085a00000, 0x0000000085a00000, 0x0000000085b00000|  0%| F|  |TAMS 0x0000000085a00000, 0x0000000085a00000| Untracked 
|  43|0x0000000085b00000, 0x0000000085b00000, 0x0000000085c00000|  0%| F|  |TAMS 0x0000000085b00000, 0x0000000085b00000| Untracked 
|  44|0x0000000085c00000, 0x0000000085c00000, 0x0000000085d00000|  0%| F|  |TAMS 0x0000000085c00000, 0x0000000085c00000| Untracked 
|  45|0x0000000085d00000, 0x0000000085d00000, 0x0000000085e00000|  0%| F|  |TAMS 0x0000000085d00000, 0x0000000085d00000| Untracked 
|  46|0x0000000085e00000, 0x0000000085e00000, 0x0000000085f00000|  0%| F|  |TAMS 0x0000000085e00000, 0x0000000085e00000| Untracked 
|  47|0x0000000085f00000, 0x0000000085f00000, 0x0000000086000000|  0%| F|  |TAMS 0x0000000085f00000, 0x0000000085f00000| Untracked 
|  48|0x0000000086000000, 0x0000000086000000, 0x0000000086100000|  0%| F|  |TAMS 0x0000000086000000, 0x0000000086000000| Untracked 
|  49|0x0000000086100000, 0x0000000086100000, 0x0000000086200000|  0%| F|  |TAMS 0x0000000086100000, 0x0000000086100000| Untracked 
|  50|0x0000000086200000, 0x0000000086200000, 0x0000000086300000|  0%| F|  |TAMS 0x0000000086200000, 0x0000000086200000| Untracked 
|  51|0x0000000086300000, 0x0000000086300000, 0x0000000086400000|  0%| F|  |TAMS 0x0000000086300000, 0x0000000086300000| Untracked 
|  52|0x0000000086400000, 0x0000000086400000, 0x0000000086500000|  0%| F|  |TAMS 0x0000000086400000, 0x0000000086400000| Untracked 
|  53|0x0000000086500000, 0x0000000086500000, 0x0000000086600000|  0%| F|  |TAMS 0x0000000086500000, 0x0000000086500000| Untracked 
|  54|0x0000000086600000, 0x0000000086600000, 0x0000000086700000|  0%| F|  |TAMS 0x0000000086600000, 0x0000000086600000| Untracked 
|  55|0x0000000086700000, 0x0000000086700000, 0x0000000086800000|  0%| F|  |TAMS 0x0000000086700000, 0x0000000086700000| Untracked 
|  56|0x0000000086800000, 0x0000000086800000, 0x0000000086900000|  0%| F|  |TAMS 0x0000000086800000, 0x0000000086800000| Untracked 
|  57|0x0000000086900000, 0x0000000086900000, 0x0000000086a00000|  0%| F|  |TAMS 0x0000000086900000, 0x0000000086900000| Untracked 
|  58|0x0000000086a00000, 0x0000000086a00000, 0x0000000086b00000|  0%| F|  |TAMS 0x0000000086a00000, 0x0000000086a00000| Untracked 
|  59|0x0000000086b00000, 0x0000000086b00000, 0x0000000086c00000|  0%| F|  |TAMS 0x0000000086b00000, 0x0000000086b00000| Untracked 
|  60|0x0000000086c00000, 0x0000000086c00000, 0x0000000086d00000|  0%| F|  |TAMS 0x0000000086c00000, 0x0000000086c00000| Untracked 
|  61|0x0000000086d00000, 0x0000000086d00000, 0x0000000086e00000|  0%| F|  |TAMS 0x0000000086d00000, 0x0000000086d00000| Untracked 
|  62|0x0000000086e00000, 0x0000000086e00000, 0x0000000086f00000|  0%| F|  |TAMS 0x0000000086e00000, 0x0000000086e00000| Untracked 
|  63|0x0000000086f00000, 0x0000000086f00000, 0x0000000087000000|  0%| F|  |TAMS 0x0000000086f00000, 0x0000000086f00000| Untracked 
|  64|0x0000000087000000, 0x0000000087000000, 0x0000000087100000|  0%| F|  |TAMS 0x0000000087000000, 0x0000000087000000| Untracked 
|  65|0x0000000087100000, 0x0000000087100000, 0x0000000087200000|  0%| F|  |TAMS 0x0000000087100000, 0x0000000087100000| Untracked 
|  66|0x0000000087200000, 0x0000000087200000, 0x0000000087300000|  0%| F|  |TAMS 0x0000000087200000, 0x0000000087200000| Untracked 
|  67|0x0000000087300000, 0x0000000087300000, 0x0000000087400000|  0%| F|  |TAMS 0x0000000087300000, 0x0000000087300000| Untracked 
|  68|0x0000000087400000, 0x0000000087400000, 0x0000000087500000|  0%| F|  |TAMS 0x0000000087400000, 0x0000000087400000| Untracked 
|  69|0x0000000087500000, 0x000000008754cd60, 0x0000000087600000| 30%| S|CS|TAMS 0x0000000087500000, 0x0000000087500000| Complete 
|  70|0x0000000087600000, 0x0000000087700000, 0x0000000087700000|100%| S|CS|TAMS 0x0000000087600000, 0x0000000087600000| Complete 
|  71|0x0000000087700000, 0x0000000087800000, 0x0000000087800000|100%| S|CS|TAMS 0x0000000087700000, 0x0000000087700000| Complete 
|  72|0x0000000087800000, 0x0000000087900000, 0x0000000087900000|100%| S|CS|TAMS 0x0000000087800000, 0x0000000087800000| Complete 
|  73|0x0000000087900000, 0x0000000087a00000, 0x0000000087a00000|100%| S|CS|TAMS 0x0000000087900000, 0x0000000087900000| Complete 
|  74|0x0000000087a00000, 0x0000000087b00000, 0x0000000087b00000|100%| S|CS|TAMS 0x0000000087a00000, 0x0000000087a00000| Complete 
|  75|0x0000000087b00000, 0x0000000087c00000, 0x0000000087c00000|100%| S|CS|TAMS 0x0000000087b00000, 0x0000000087b00000| Complete 
|  76|0x0000000087c00000, 0x0000000087c00000, 0x0000000087d00000|  0%| F|  |TAMS 0x0000000087c00000, 0x0000000087c00000| Untracked 
|  77|0x0000000087d00000, 0x0000000087d00000, 0x0000000087e00000|  0%| F|  |TAMS 0x0000000087d00000, 0x0000000087d00000| Untracked 
|  78|0x0000000087e00000, 0x0000000087e00000, 0x0000000087f00000|  0%| F|  |TAMS 0x0000000087e00000, 0x0000000087e00000| Untracked 
|  79|0x0000000087f00000, 0x0000000087f00000, 0x0000000088000000|  0%| F|  |TAMS 0x0000000087f00000, 0x0000000087f00000| Untracked 
|  80|0x0000000088000000, 0x0000000088000000, 0x0000000088100000|  0%| F|  |TAMS 0x0000000088000000, 0x0000000088000000| Untracked 
|  81|0x0000000088100000, 0x0000000088100000, 0x0000000088200000|  0%| F|  |TAMS 0x0000000088100000, 0x0000000088100000| Untracked 
|  82|0x0000000088200000, 0x0000000088200000, 0x0000000088300000|  0%| F|  |TAMS 0x0000000088200000, 0x0000000088200000| Untracked 
|  83|0x0000000088300000, 0x0000000088300000, 0x0000000088400000|  0%| F|  |TAMS 0x0000000088300000, 0x0000000088300000| Untracked 
|  84|0x0000000088400000, 0x0000000088400000, 0x0000000088500000|  0%| F|  |TAMS 0x0000000088400000, 0x0000000088400000| Untracked 
|  85|0x0000000088500000, 0x0000000088500000, 0x0000000088600000|  0%| F|  |TAMS 0x0000000088500000, 0x0000000088500000| Untracked 
|  86|0x0000000088600000, 0x0000000088600000, 0x0000000088700000|  0%| F|  |TAMS 0x0000000088600000, 0x0000000088600000| Untracked 
|  87|0x0000000088700000, 0x0000000088700000, 0x0000000088800000|  0%| F|  |TAMS 0x0000000088700000, 0x0000000088700000| Untracked 
|  88|0x0000000088800000, 0x0000000088800000, 0x0000000088900000|  0%| F|  |TAMS 0x0000000088800000, 0x0000000088800000| Untracked 
|  89|0x0000000088900000, 0x0000000088900000, 0x0000000088a00000|  0%| F|  |TAMS 0x0000000088900000, 0x0000000088900000| Untracked 
|  90|0x0000000088a00000, 0x0000000088a00000, 0x0000000088b00000|  0%| F|  |TAMS 0x0000000088a00000, 0x0000000088a00000| Untracked 
|  91|0x0000000088b00000, 0x0000000088b00000, 0x0000000088c00000|  0%| F|  |TAMS 0x0000000088b00000, 0x0000000088b00000| Untracked 
|  92|0x0000000088c00000, 0x0000000088c00000, 0x0000000088d00000|  0%| F|  |TAMS 0x0000000088c00000, 0x0000000088c00000| Untracked 
|  93|0x0000000088d00000, 0x0000000088d00000, 0x0000000088e00000|  0%| F|  |TAMS 0x0000000088d00000, 0x0000000088d00000| Untracked 
|  94|0x0000000088e00000, 0x0000000088e00000, 0x0000000088f00000|  0%| F|  |TAMS 0x0000000088e00000, 0x0000000088e00000| Untracked 
|  95|0x0000000088f00000, 0x0000000088f00000, 0x0000000089000000|  0%| F|  |TAMS 0x0000000088f00000, 0x0000000088f00000| Untracked 
|  96|0x0000000089000000, 0x0000000089000000, 0x0000000089100000|  0%| F|  |TAMS 0x0000000089000000, 0x0000000089000000| Untracked 
|  97|0x0000000089100000, 0x0000000089100000, 0x0000000089200000|  0%| F|  |TAMS 0x0000000089100000, 0x0000000089100000| Untracked 
|  98|0x0000000089200000, 0x0000000089200000, 0x0000000089300000|  0%| F|  |TAMS 0x0000000089200000, 0x0000000089200000| Untracked 
|  99|0x0000000089300000, 0x0000000089300000, 0x0000000089400000|  0%| F|  |TAMS 0x0000000089300000, 0x0000000089300000| Untracked 
| 100|0x0000000089400000, 0x0000000089400000, 0x0000000089500000|  0%| F|  |TAMS 0x0000000089400000, 0x0000000089400000| Untracked 
| 101|0x0000000089500000, 0x0000000089500000, 0x0000000089600000|  0%| F|  |TAMS 0x0000000089500000, 0x0000000089500000| Untracked 
| 102|0x0000000089600000, 0x0000000089600000, 0x0000000089700000|  0%| F|  |TAMS 0x0000000089600000, 0x0000000089600000| Untracked 
| 103|0x0000000089700000, 0x0000000089700000, 0x0000000089800000|  0%| F|  |TAMS 0x0000000089700000, 0x0000000089700000| Untracked 
| 104|0x0000000089800000, 0x0000000089800000, 0x0000000089900000|  0%| F|  |TAMS 0x0000000089800000, 0x0000000089800000| Untracked 
| 105|0x0000000089900000, 0x0000000089900000, 0x0000000089a00000|  0%| F|  |TAMS 0x0000000089900000, 0x0000000089900000| Untracked 
| 106|0x0000000089a00000, 0x0000000089a00000, 0x0000000089b00000|  0%| F|  |TAMS 0x0000000089a00000, 0x0000000089a00000| Untracked 
| 107|0x0000000089b00000, 0x0000000089b00000, 0x0000000089c00000|  0%| F|  |TAMS 0x0000000089b00000, 0x0000000089b00000| Untracked 
| 108|0x0000000089c00000, 0x0000000089c00000, 0x0000000089d00000|  0%| F|  |TAMS 0x0000000089c00000, 0x0000000089c00000| Untracked 
| 109|0x0000000089d00000, 0x0000000089d00000, 0x0000000089e00000|  0%| F|  |TAMS 0x0000000089d00000, 0x0000000089d00000| Untracked 
| 110|0x0000000089e00000, 0x0000000089e38df8, 0x0000000089f00000| 22%| E|  |TAMS 0x0000000089e00000, 0x0000000089e00000| Complete 
| 111|0x0000000089f00000, 0x000000008a000000, 0x000000008a000000|100%| E|CS|TAMS 0x0000000089f00000, 0x0000000089f00000| Complete 
| 112|0x000000008a000000, 0x000000008a100000, 0x000000008a100000|100%| E|CS|TAMS 0x000000008a000000, 0x000000008a000000| Complete 
| 113|0x000000008a100000, 0x000000008a200000, 0x000000008a200000|100%| E|CS|TAMS 0x000000008a100000, 0x000000008a100000| Complete 
| 114|0x000000008a200000, 0x000000008a300000, 0x000000008a300000|100%| E|CS|TAMS 0x000000008a200000, 0x000000008a200000| Complete 
| 115|0x000000008a300000, 0x000000008a400000, 0x000000008a400000|100%| E|  |TAMS 0x000000008a300000, 0x000000008a300000| Complete 
| 116|0x000000008a400000, 0x000000008a500000, 0x000000008a500000|100%| E|CS|TAMS 0x000000008a400000, 0x000000008a400000| Complete 
| 117|0x000000008a500000, 0x000000008a600000, 0x000000008a600000|100%| E|CS|TAMS 0x000000008a500000, 0x000000008a500000| Complete 
| 118|0x000000008a600000, 0x000000008a700000, 0x000000008a700000|100%| E|CS|TAMS 0x000000008a600000, 0x000000008a600000| Complete 
| 119|0x000000008a700000, 0x000000008a800000, 0x000000008a800000|100%| E|CS|TAMS 0x000000008a700000, 0x000000008a700000| Complete 
| 120|0x000000008a800000, 0x000000008a900000, 0x000000008a900000|100%| E|CS|TAMS 0x000000008a800000, 0x000000008a800000| Complete 
| 121|0x000000008a900000, 0x000000008aa00000, 0x000000008aa00000|100%| E|CS|TAMS 0x000000008a900000, 0x000000008a900000| Complete 
| 122|0x000000008aa00000, 0x000000008ab00000, 0x000000008ab00000|100%| E|CS|TAMS 0x000000008aa00000, 0x000000008aa00000| Complete 
| 123|0x000000008ab00000, 0x000000008ac00000, 0x000000008ac00000|100%| E|CS|TAMS 0x000000008ab00000, 0x000000008ab00000| Complete 
| 124|0x000000008ac00000, 0x000000008ad00000, 0x000000008ad00000|100%| E|CS|TAMS 0x000000008ac00000, 0x000000008ac00000| Complete 
| 125|0x000000008ad00000, 0x000000008ae00000, 0x000000008ae00000|100%| E|CS|TAMS 0x000000008ad00000, 0x000000008ad00000| Complete 

Card table byte_map: [0x000001f77c660000,0x000001f77ca50000] _byte_map_base: 0x000001f77c248000

Marking Bits (Prev, Next): (CMBitMap*) 0x000001f7738719d0, (CMBitMap*) 0x000001f773871998
 Prev Bits: [0x000001f70f000000, 0x000001f710f40000)
 Next Bits: [0x000001f77ce40000, 0x000001f77ed80000)

Polling page: 0x000001f771780000

Metaspace:

Usage:
  Non-class:     28.73 MB capacity,    28.35 MB ( 99%) used,   313.23 KB (  1%) free+waste,    74.88 KB ( <1%) overhead. 
      Class:      3.76 MB capacity,     3.52 MB ( 93%) used,   217.18 KB (  6%) free+waste,    36.25 KB ( <1%) overhead. 
       Both:     32.49 MB capacity,    31.86 MB ( 98%) used,   530.41 KB (  2%) free+waste,   111.13 KB ( <1%) overhead. 

Virtual space:
  Non-class space:       30.00 MB reserved,      28.92 MB ( 96%) committed 
      Class space:        1.00 GB reserved,       3.88 MB ( <1%) committed 
             Both:        1.03 GB reserved,      32.80 MB (  3%) committed 

Chunk freelists:
   Non-Class:  8.00 KB
       Class:  0 bytes
        Both:  8.00 KB

MaxMetaspaceSize: 17179869184.00 GB
CompressedClassSpaceSize: 1.00 GB

CodeHeap 'non-profiled nmethods': size=120000Kb used=2588Kb max_used=2588Kb free=117411Kb
 bounds [0x000001f707ad0000, 0x000001f707d60000, 0x000001f70f000000]
CodeHeap 'profiled nmethods': size=120000Kb used=10427Kb max_used=10427Kb free=109573Kb
 bounds [0x000001f7005a0000, 0x000001f700fd0000, 0x000001f707ad0000]
CodeHeap 'non-nmethods': size=5760Kb used=1328Kb max_used=1375Kb free=4431Kb
 bounds [0x000001f700000000, 0x000001f700270000, 0x000001f7005a0000]
 total_blobs=5341 nmethods=4580 adapters=671
 compilation: enabled
              stopped_count=0, restarted_count=0
 full_count=0

Compilation events (20 events):
Event: 216.621 Thread 0x000001f77f977800 4577       1       javax.swing.JSeparator::getUIClassID (3 bytes)
Event: 216.621 Thread 0x000001f77f977800 nmethod 4577 0x000001f707d55590 code [0x000001f707d55740, 0x000001f707d557f8]
Event: 216.625 Thread 0x000001f77f809800 4578       4       java.security.ProtectionDomain$JavaSecurityAccessImpl::getCombinedACC (30 bytes)
Event: 216.625 Thread 0x000001f77f977800 4579       3       sun.awt.windows.WComponentPeer::getDeviceColorModel (19 bytes)
Event: 216.626 Thread 0x000001f77f977800 nmethod 4579 0x000001f700fcb790 code [0x000001f700fcb9a0, 0x000001f700fcc1a8]
Event: 216.626 Thread 0x000001f77f977800 4580       3       sun.awt.Win32GraphicsConfig::getDeviceColorModel (8 bytes)
Event: 216.626 Thread 0x000001f77f977800 nmethod 4580 0x000001f700fcc390 code [0x000001f700fcc560, 0x000001f700fcc828]
Event: 216.629 Thread 0x000001f77f809800 nmethod 4578 0x000001f707d55890 code [0x000001f707d55a40, 0x000001f707d55d88]
Event: 216.629 Thread 0x000001f77f809800 4581       4       sun.font.FileFontStrike::getCachedGlyphPtrInternal (120 bytes)
Event: 216.631 Thread 0x000001f77f809800 nmethod 4581 0x000001f707d55f10 code [0x000001f707d560a0, 0x000001f707d56198]
Event: 217.673 Thread 0x000001f77f977800 4582       3       java.awt.Container::findComponentAtImpl (161 bytes)
Event: 217.673 Thread 0x000001f77f977800 nmethod 4582 0x000001f700fcc910 code [0x000001f700fccb80, 0x000001f700fcd7a8]
Event: 219.160 Thread 0x000001f77f809800 4583       4       java.awt.Toolkit$SelectiveAWTEventListener::eventDispatched (745 bytes)
Event: 219.168 Thread 0x000001f77f809800 nmethod 4583 0x000001f707d56290 code [0x000001f707d56480, 0x000001f707d56b68]
Event: 219.439 Thread 0x000001f77f977800 4584       3       java.awt.ModalEventFilter$ApplicationModalEventFilter::acceptWindow (57 bytes)
Event: 219.440 Thread 0x000001f77f977800 nmethod 4584 0x000001f700fcdb10 code [0x000001f700fcdd00, 0x000001f700fce2c8]
Event: 219.699 Thread 0x000001f77f809800 4585       4       java.awt.Container$MouseEventTargetFilter::accept (66 bytes)
Event: 219.700 Thread 0x000001f77f809800 nmethod 4585 0x000001f707d56f90 code [0x000001f707d57120, 0x000001f707d57238]
Event: 220.712 Thread 0x000001f77f977800 4586  s    3       java.io.BufferedOutputStream::flush (12 bytes)
Event: 220.712 Thread 0x000001f77f977800 nmethod 4586 0x000001f700fce490 code [0x000001f700fce660, 0x000001f700fceaf8]

GC Heap History (8 events):
Event: 24.189 GC heap before
{Heap before GC invocations=0 (full 0):
 garbage-first heap   total 129024K, used 29696K [0x0000000083000000, 0x0000000100000000)
  region size 1024K, 24 young (24576K), 0 survivors (0K)
 Metaspace       used 18982K, capacity 19385K, committed 19456K, reserved 1067008K
  class space    used 2033K, capacity 2235K, committed 2304K, reserved 1048576K
}
Event: 24.198 GC heap after
{Heap after GC invocations=1 (full 0):
 garbage-first heap   total 129024K, used 13334K [0x0000000083000000, 0x0000000100000000)
  region size 1024K, 3 young (3072K), 3 survivors (3072K)
 Metaspace       used 18982K, capacity 19385K, committed 19456K, reserved 1067008K
  class space    used 2033K, capacity 2235K, committed 2304K, reserved 1048576K
}
Event: 26.744 GC heap before
{Heap before GC invocations=1 (full 0):
 garbage-first heap   total 129024K, used 16406K [0x0000000083000000, 0x0000000100000000)
  region size 1024K, 6 young (6144K), 3 survivors (3072K)
 Metaspace       used 19065K, capacity 19513K, committed 19712K, reserved 1067008K
  class space    used 2034K, capacity 2235K, committed 2304K, reserved 1048576K
}
Event: 26.749 GC heap after
{Heap after GC invocations=2 (full 0):
 garbage-first heap   total 129024K, used 13924K [0x0000000083000000, 0x0000000100000000)
  region size 1024K, 1 young (1024K), 1 survivors (1024K)
 Metaspace       used 19065K, capacity 19513K, committed 19712K, reserved 1067008K
  class space    used 2034K, capacity 2235K, committed 2304K, reserved 1048576K
}
Event: 26.886 GC heap before
{Heap before GC invocations=2 (full 0):
 garbage-first heap   total 129024K, used 16996K [0x0000000083000000, 0x0000000100000000)
  region size 1024K, 5 young (5120K), 1 survivors (1024K)
 Metaspace       used 20785K, capacity 21180K, committed 21296K, reserved 1069056K
  class space    used 2177K, capacity 2387K, committed 2432K, reserved 1048576K
}
Event: 26.888 GC heap after
{Heap after GC invocations=3 (full 0):
 garbage-first heap   total 129024K, used 14105K [0x0000000083000000, 0x0000000100000000)
  region size 1024K, 1 young (1024K), 1 survivors (1024K)
 Metaspace       used 20785K, capacity 21180K, committed 21296K, reserved 1069056K
  class space    used 2177K, capacity 2387K, committed 2432K, reserved 1048576K
}
Event: 136.001 GC heap before
{Heap before GC invocations=4 (full 0):
 garbage-first heap   total 129024K, used 70425K [0x0000000083000000, 0x0000000100000000)
  region size 1024K, 50 young (51200K), 1 survivors (1024K)
 Metaspace       used 31590K, capacity 32215K, committed 32432K, reserved 1077248K
  class space    used 3481K, capacity 3737K, committed 3840K, reserved 1048576K
}
Event: 136.006 GC heap after
{Heap after GC invocations=5 (full 0):
 garbage-first heap   total 129024K, used 26212K [0x0000000083000000, 0x0000000100000000)
  region size 1024K, 7 young (7168K), 7 survivors (7168K)
 Metaspace       used 31590K, capacity 32215K, committed 32432K, reserved 1077248K
  class space    used 3481K, capacity 3737K, committed 3840K, reserved 1048576K
}

Deoptimization events (20 events):
Event: 163.355 Thread 0x000001f713bc2000 Uncommon trap: trap_request=0xffffffde fr.pc=0x000001f707c893f0 relative=0x0000000000000ef0
Event: 163.355 Thread 0x000001f713bc2000 Uncommon trap: reason=class_check action=maybe_recompile pc=0x000001f707c893f0 method=java.awt.Container.getMouseEventTargetImpl(IIZLjava/awt/Container$EventTargetFilter;ZZ)Ljava/awt/Component; @ 64 c2
Event: 163.355 Thread 0x000001f713bc2000 DEOPT PACKING pc=0x000001f707c893f0 sp=0x000000e9ac6fb240
Event: 163.355 Thread 0x000001f713bc2000 DEOPT UNPACKING pc=0x000001f70002662f sp=0x000000e9ac6fafe8 mode 2
Event: 164.460 Thread 0x000001f713bc2000 Uncommon trap: trap_request=0xffffffde fr.pc=0x000001f707c8fa94 relative=0x0000000000004ed4
Event: 164.460 Thread 0x000001f713bc2000 Uncommon trap: reason=class_check action=maybe_recompile pc=0x000001f707c8fa94 method=java.awt.EventQueue.coalesceEvent(Ljava/awt/AWTEvent;I)Z @ 61 c2
Event: 164.460 Thread 0x000001f713bc2000 DEOPT PACKING pc=0x000001f707c8fa94 sp=0x000000e9ac6febe0
Event: 164.460 Thread 0x000001f713bc2000 DEOPT UNPACKING pc=0x000001f70002662f sp=0x000000e9ac6fea30 mode 2
Event: 164.460 Thread 0x000001f713bc2000 Uncommon trap: trap_request=0xffffffde fr.pc=0x000001f707c8fa94 relative=0x0000000000004ed4
Event: 164.461 Thread 0x000001f713bc2000 Uncommon trap: reason=class_check action=maybe_recompile pc=0x000001f707c8fa94 method=java.awt.EventQueue.coalesceEvent(Ljava/awt/AWTEvent;I)Z @ 61 c2
Event: 164.461 Thread 0x000001f713bc2000 DEOPT PACKING pc=0x000001f707c8fa94 sp=0x000000e9ac6febe0
Event: 164.461 Thread 0x000001f713bc2000 DEOPT UNPACKING pc=0x000001f70002662f sp=0x000000e9ac6fea30 mode 2
Event: 184.771 Thread 0x000001f713bc2000 Uncommon trap: trap_request=0xffffff4d fr.pc=0x000001f707d39094 relative=0x0000000000001094
Event: 184.771 Thread 0x000001f713bc2000 Uncommon trap: reason=unstable_if action=reinterpret pc=0x000001f707d39094 method=java.awt.Container.getMouseEventTargetImpl(IIZLjava/awt/Container$EventTargetFilter;ZZ)Ljava/awt/Component; @ 218 c2
Event: 184.771 Thread 0x000001f713bc2000 DEOPT PACKING pc=0x000001f707d39094 sp=0x000000e9ac6fb410
Event: 184.771 Thread 0x000001f713bc2000 DEOPT UNPACKING pc=0x000001f70002662f sp=0x000000e9ac6fb328 mode 2
Event: 216.624 Thread 0x000001f713bc2000 Uncommon trap: trap_request=0xffffff4d fr.pc=0x000001f707bee0f4 relative=0x00000000000005d4
Event: 216.625 Thread 0x000001f713bc2000 Uncommon trap: reason=unstable_if action=reinterpret pc=0x000001f707bee0f4 method=java.awt.Container.findComponentAtImpl(IIZ)Ljava/awt/Component; @ 103 c2
Event: 216.625 Thread 0x000001f713bc2000 DEOPT PACKING pc=0x000001f707bee0f4 sp=0x000000e9ac6f7820
Event: 216.625 Thread 0x000001f713bc2000 DEOPT UNPACKING pc=0x000001f70002662f sp=0x000000e9ac6f76b0 mode 2

Classes redefined (0 events):
No events

Internal exceptions (20 events):
Event: 35.502 Thread 0x000001f713bc2000 Exception <a 'java/lang/NoSuchMethodError'{0x000000008a143060}: 'int java.lang.invoke.DirectMethodHandle$Holder.invokeStaticInit(java.lang.Object, java.lang.Object, java.lang.Object, java.lang.Object)'> (0x000000008a143060) thrown at [./src/hotspot/share/interpreter/linkResolver.cpp, line 773]
Event: 35.516 Thread 0x000001f713bc2000 Exception <a 'java/lang/IncompatibleClassChangeError'{0x000000008a14c7a0}: Found class java.lang.Object, but interface was expected> (0x000000008a14c7a0) thrown at [./src/hotspot/share/interpreter/linkResolver.cpp, line 839]
Event: 35.517 Thread 0x000001f713bc2000 Exception <a 'java/lang/NoSuchMethodError'{0x000000008a14fa30}: 'void java.lang.invoke.DirectMethodHandle$Holder.invokeStaticInit(java.lang.Object, java.lang.Object)'> (0x000000008a14fa30) thrown at [./src/hotspot/share/interpreter/linkResolver.cpp, line 773]
Event: 35.518 Thread 0x000001f713bc2000 Exception <a 'java/lang/NoSuchMethodError'{0x000000008a155650}: 'int java.lang.invoke.DirectMethodHandle$Holder.invokeStaticInit(java.lang.Object, java.lang.Object)'> (0x000000008a155650) thrown at [./src/hotspot/share/interpreter/linkResolver.cpp, line 773]
Event: 35.702 Thread 0x000001f713bc2000 Exception <a 'java/lang/NoSuchMethodError'{0x0000000089e4e878}: 'java.lang.Object java.lang.invoke.DirectMethodHandle$Holder.invokeStatic(java.lang.Object, java.lang.Object, int, int, int, int)'> (0x0000000089e4e878) thrown at [./src/hotspot/share/interpreter/linkResolver.cpp, line 773]
Event: 35.702 Thread 0x000001f713bc2000 Exception <a 'java/lang/NoSuchMethodError'{0x0000000089e51e78}: 'java.lang.Object java.lang.invoke.DirectMethodHandle$Holder.invokeStaticInit(java.lang.Object, java.lang.Object, int, int, int, int)'> (0x0000000089e51e78) thrown at [./src/hotspot/share/interpreter/linkResolver.cpp, line 773]
Event: 48.754 Thread 0x000001f713bc2000 Implicit null exception at 0x000001f707beccd7 to 0x000001f707bed1aa
Event: 48.754 Thread 0x000001f713bc2000 Implicit null exception at 0x000001f707bec054 to 0x000001f707bec4ed
Event: 48.754 Thread 0x000001f713bc2000 Implicit null exception at 0x000001f707beccd7 to 0x000001f707bed1aa
Event: 48.754 Thread 0x000001f713bc2000 Implicit null exception at 0x000001f707bec054 to 0x000001f707bec4ed
Event: 48.754 Thread 0x000001f713bc2000 Implicit null exception at 0x000001f707beccd7 to 0x000001f707bed1aa
Event: 101.382 Thread 0x000001f713bc2000 Exception <a 'java/lang/NoSuchMethodError'{0x000000008938bb18}: 'java.lang.Object java.lang.invoke.DirectMethodHandle$Holder.invokeStatic(java.lang.Object, java.lang.Object, java.lang.Object, java.lang.Object, java.lang.Object, java.lang.Object, java.lang.Object, java.lang.Object, int, int, java.lang.Object)'> (0x000000008938bb18) thrown at [./src/hotspot/share/interpreter/linkResolver.cpp, line 773]
Event: 102.127 Thread 0x000001f713bc2000 Exception <a 'java/lang/NoSuchMethodError'{0x00000000888d9010}: 'java.lang.Object java.lang.invoke.DirectMethodHandle$Holder.invokeSpecial(java.lang.Object, java.lang.Object, int, int, int, int, int, int)'> (0x00000000888d9010) thrown at [./src/hotspot/share/interpreter/linkResolver.cpp, line 773]
Event: 102.127 Thread 0x000001f713bc2000 Exception <a 'java/lang/NoSuchMethodError'{0x00000000888dc5f0}: 'java.lang.Object java.lang.invoke.DelegatingMethodHandle$Holder.reinvoke_L(java.lang.Object, int, int, int, int, int, int)'> (0x00000000888dc5f0) thrown at [./src/hotspot/share/interpreter/linkResolver.cpp, line 773]
Event: 102.127 Thread 0x000001f713bc2000 Exception <a 'java/lang/NoSuchMethodError'{0x00000000888e3108}: 'java.lang.Object java.lang.invoke.DirectMethodHandle$Holder.invokeStatic(java.lang.Object, java.lang.Object, java.lang.Object, java.lang.Object, java.lang.Object, int)'> (0x00000000888e3108) thrown at [./src/hotspot/share/interpreter/linkResolver.cpp, line 773]
Event: 204.771 Thread 0x000001f7180b8800 Exception <a 'java/lang/ArrayIndexOutOfBoundsException'{0x000000008a039720}: Index 0 out of bounds for length 0> (0x000000008a039720) thrown at [./src/hotspot/share/interpreter/interpreterRuntime.cpp, line 444]
Event: 216.600 Thread 0x000001f713bc2000 Exception <a 'com/morpho/mbop/api/ParameterErrorException'{0x000000008a0afc48}: Failed getting parameter MorphoTop.SLAP-Sensor.293583634-16062510328.ui.buzzer: unknown parameter> (0x000000008a0afc48) thrown at [./src/hotspot/share/prims/jni.cpp, line 636]
Event: 216.609 Thread 0x000001f713bc2000 Exception <a 'java/lang/NoSuchMethodError'{0x000000008a0eea50}: 'java.lang.Object java.lang.invoke.DirectMethodHandle$Holder.invokeStatic(java.lang.Object, java.lang.Object, java.lang.Object, java.lang.Object, java.lang.Object, java.lang.Object, java.lang.Object, java.lang.Object, java.lang.Object, java.lang.Object, java.lang.Object, java.lang.Object, java.lang.Object, int)'> (0x000000008a0eea50) thrown at [./src/hotspot/share/interpreter/linkResolver.cpp, line 773]
Event: 216.610 Thread 0x000001f713bc2000 Exception <a 'java/lang/NoSuchMethodError'{0x000000008a0fac48}: 'java.lang.Object java.lang.invoke.DirectMethodHandle$Holder.invokeStatic(java.lang.Object, java.lang.Object, java.lang.Object, java.lang.Object, java.lang.Object, java.lang.Object, java.lang.Object, java.lang.Object, java.lang.Object, java.lang.Object, java.lang.Object, java.lang.Object, java.lang.Object, int, int)'> (0x000000008a0fac48) thrown at [./src/hotspot/share/interpreter/linkResolver.cpp, line 773]
Event: 216.610 Thread 0x000001f713bc2000 Exception <a 'java/lang/NoSuchMethodError'{0x0000000089f076c8}: 'java.lang.Object java.lang.invoke.DirectMethodHandle$Holder.invokeStatic(java.lang.Object, java.lang.Object, java.lang.Object, java.lang.Object, java.lang.Object, java.lang.Object, java.lang.Object, java.lang.Object, java.lang.Object, java.lang.Object, java.lang.Object, java.lang.Object, java.lang.Object, int, int, java.lang.Object)'> (0x0000000089f076c8) thrown at [./src/hotspot/share/interpreter/linkResolver.cpp, line 773]

Events (20 events):
Event: 204.771 loading class javax/swing/SwingWorker$5
Event: 204.772 loading class javax/swing/SwingWorker$5 done
Event: 216.587 loading class com/morpho/mbop/api/ParameterErrorException
Event: 216.587 loading class com/morpho/mbop/api/ParameterErrorException done
Event: 216.601 Executing VM operation: RevokeBias
Event: 216.602 Executing VM operation: RevokeBias done
Event: 216.609 loading class java/lang/invoke/BoundMethodHandle$Species_LLLLLLLLLLI
Event: 216.609 loading class java/lang/invoke/BoundMethodHandle$Species_LLLLLLLLLLI done
Event: 216.610 loading class java/lang/invoke/BoundMethodHandle$Species_LLLLLLLLLLII
Event: 216.610 loading class java/lang/invoke/BoundMethodHandle$Species_LLLLLLLLLLII done
Event: 216.610 loading class java/lang/invoke/BoundMethodHandle$Species_LLLLLLLLLLIIL
Event: 216.610 loading class java/lang/invoke/BoundMethodHandle$Species_LLLLLLLLLLIIL done
Event: 216.614 Executing VM operation: RevokeBias
Event: 216.614 Executing VM operation: RevokeBias done
Event: 216.615 Executing VM operation: RevokeBias
Event: 216.615 Executing VM operation: RevokeBias done
Event: 216.618 Executing VM operation: RevokeBias
Event: 216.618 Executing VM operation: RevokeBias done
Event: 216.618 Executing VM operation: RevokeBias
Event: 216.618 Executing VM operation: RevokeBias done


Dynamic libraries:
0x00007ff710b70000 - 0x00007ff710b7d000 	C:\Program Files\AdoptOpenJDK\jdk-11.0.11.9-hotspot\bin\java.exe
0x00007ffc832f0000 - 0x00007ffc834e5000 	C:\windows\SYSTEM32\ntdll.dll
0x00007ffc825d0000 - 0x00007ffc8268e000 	C:\windows\System32\KERNEL32.DLL
0x00007ffc80c80000 - 0x00007ffc80f49000 	C:\windows\System32\KERNELBASE.dll
0x00007ffc810b0000 - 0x00007ffc811b0000 	C:\windows\System32\ucrtbase.dll
0x00007ffc7a8b0000 - 0x00007ffc7a8c5000 	C:\Program Files\AdoptOpenJDK\jdk-11.0.11.9-hotspot\bin\VCRUNTIME140.dll
0x00007ffc7c0c0000 - 0x00007ffc7c0d7000 	C:\Program Files\AdoptOpenJDK\jdk-11.0.11.9-hotspot\bin\jli.dll
0x00007ffc82ba0000 - 0x00007ffc82d41000 	C:\windows\System32\USER32.dll
0x00007ffc81260000 - 0x00007ffc81282000 	C:\windows\System32\win32u.dll
0x00007ffc67670000 - 0x00007ffc6790a000 	C:\windows\WinSxS\amd64_microsoft.windows.common-controls_6595b64144ccf1df_6.0.19041.1110_none_60b5254171f9507e\COMCTL32.dll
0x00007ffc82e80000 - 0x00007ffc82eab000 	C:\windows\System32\GDI32.dll
0x00007ffc83210000 - 0x00007ffc832ae000 	C:\windows\System32\msvcrt.dll
0x00007ffc80a10000 - 0x00007ffc80b1b000 	C:\windows\System32\gdi32full.dll
0x00007ffc81010000 - 0x00007ffc810ad000 	C:\windows\System32\msvcp_win.dll
0x00007ffc828a0000 - 0x00007ffc828d0000 	C:\windows\System32\IMM32.DLL
0x00007ffc31670000 - 0x00007ffc3170b000 	C:\Program Files\AdoptOpenJDK\jdk-11.0.11.9-hotspot\bin\msvcp140.dll
0x00007ffc296c0000 - 0x00007ffc2a20b000 	C:\Program Files\AdoptOpenJDK\jdk-11.0.11.9-hotspot\bin\server\jvm.dll
0x00007ffc82a80000 - 0x00007ffc82b2c000 	C:\windows\System32\ADVAPI32.dll
0x00007ffc81e10000 - 0x00007ffc81eab000 	C:\windows\System32\sechost.dll
0x00007ffc82470000 - 0x00007ffc8259a000 	C:\windows\System32\RPCRT4.dll
0x00007ffc82b30000 - 0x00007ffc82b38000 	C:\windows\System32\PSAPI.DLL
0x00007ffc64a00000 - 0x00007ffc64a27000 	C:\windows\SYSTEM32\WINMM.dll
0x00007ffc643a0000 - 0x00007ffc643a9000 	C:\windows\SYSTEM32\WSOCK32.dll
0x00007ffc78880000 - 0x00007ffc7888a000 	C:\windows\SYSTEM32\VERSION.dll
0x00007ffc82780000 - 0x00007ffc827eb000 	C:\windows\System32\WS2_32.dll
0x00007ffc7f5a0000 - 0x00007ffc7f5b2000 	C:\windows\SYSTEM32\kernel.appcore.dll
0x00007ffc7a8a0000 - 0x00007ffc7a8b0000 	C:\Program Files\AdoptOpenJDK\jdk-11.0.11.9-hotspot\bin\verify.dll
0x00007ffc7e810000 - 0x00007ffc7e9f4000 	C:\windows\SYSTEM32\DBGHELP.DLL
0x00007ffc77170000 - 0x00007ffc7719c000 	C:\windows\SYSTEM32\dbgcore.DLL
0x00007ffc80f80000 - 0x00007ffc81003000 	C:\windows\System32\bcryptPrimitives.dll
0x00007ffc441b0000 - 0x00007ffc441d8000 	C:\Program Files\AdoptOpenJDK\jdk-11.0.11.9-hotspot\bin\java.dll
0x00007ffc7a150000 - 0x00007ffc7a15a000 	C:\Program Files\AdoptOpenJDK\jdk-11.0.11.9-hotspot\bin\jimage.dll
0x00007ffc44190000 - 0x00007ffc441a7000 	C:\Program Files\AdoptOpenJDK\jdk-11.0.11.9-hotspot\bin\zip.dll
0x00007ffc81340000 - 0x00007ffc81a7f000 	C:\windows\System32\SHELL32.dll
0x00007ffc7eaf0000 - 0x00007ffc7f280000 	C:\windows\SYSTEM32\windows.storage.dll
0x00007ffc82eb0000 - 0x00007ffc83205000 	C:\windows\System32\combase.dll
0x00007ffc80460000 - 0x00007ffc8048c000 	C:\windows\SYSTEM32\Wldp.dll
0x00007ffc81a80000 - 0x00007ffc81b2d000 	C:\windows\System32\SHCORE.dll
0x00007ffc82b40000 - 0x00007ffc82b95000 	C:\windows\System32\shlwapi.dll
0x00007ffc80950000 - 0x00007ffc8096f000 	C:\windows\SYSTEM32\profapi.dll
0x00007ffc43f30000 - 0x00007ffc43f49000 	C:\Program Files\AdoptOpenJDK\jdk-11.0.11.9-hotspot\bin\net.dll
0x00007ffc75b10000 - 0x00007ffc75c18000 	C:\windows\SYSTEM32\WINHTTP.dll
0x00007ffc80150000 - 0x00007ffc801ba000 	C:\windows\system32\mswsock.dll
0x00007ffc43680000 - 0x00007ffc43692000 	C:\Program Files\AdoptOpenJDK\jdk-11.0.11.9-hotspot\bin\nio.dll
0x00007ffc2c460000 - 0x00007ffc2c5f9000 	C:\Program Files\AdoptOpenJDK\jdk-11.0.11.9-hotspot\bin\awt.dll
0x00007ffc81ce0000 - 0x00007ffc81dad000 	C:\windows\System32\OLEAUT32.dll
0x00007ffc7deb0000 - 0x00007ffc7df40000 	C:\windows\SYSTEM32\apphelp.dll
0x00007ffc7e010000 - 0x00007ffc7e0ae000 	C:\windows\system32\uxtheme.dll
0x00007ffc81b40000 - 0x00007ffc81c55000 	C:\windows\System32\MSCTF.dll
0x00007ffc82d50000 - 0x00007ffc82e7a000 	C:\windows\System32\ole32.dll
0x00007ffc7e1a0000 - 0x00007ffc7e1cf000 	C:\windows\system32\DWMAPI.DLL
0x00007ffc32e60000 - 0x00007ffc32ee5000 	C:\Program Files\AdoptOpenJDK\jdk-11.0.11.9-hotspot\bin\freetype.dll
0x00007ffc4a3c0000 - 0x00007ffc4a3d2000 	C:\Program Files\AdoptOpenJDK\jdk-11.0.11.9-hotspot\bin\fontmanager.dll
0x00007ffc2c3a0000 - 0x00007ffc2c45c000 	C:\Program Files\AdoptOpenJDK\jdk-11.0.11.9-hotspot\bin\harfbuzz.dll
0x00007ffc53a60000 - 0x00007ffc53b85000 	C:\windows\system32\opengl32.dll
0x00007ffc5c0e0000 - 0x00007ffc5c10c000 	C:\windows\SYSTEM32\GLU32.dll
0x00007ffc47500000 - 0x00007ffc4752d000 	C:\Program Files\AdoptOpenJDK\jdk-11.0.11.9-hotspot\bin\javajpeg.dll
0x00007ffc6f810000 - 0x00007ffc6f909000 	C:\windows\SYSTEM32\textinputframework.dll
0x00007ffc7d590000 - 0x00007ffc7d8ee000 	C:\windows\System32\CoreUIComponents.dll
0x00007ffc7dc70000 - 0x00007ffc7dd62000 	C:\windows\System32\CoreMessaging.dll
0x00007ffc7f700000 - 0x00007ffc7f733000 	C:\windows\SYSTEM32\ntmarta.dll
0x00007ffc7c4d0000 - 0x00007ffc7c624000 	C:\windows\SYSTEM32\wintypes.dll
0x00007ffc827f0000 - 0x00007ffc82899000 	C:\windows\System32\clbcatq.dll
0x00007ffc7afd0000 - 0x00007ffc7b184000 	C:\windows\SYSTEM32\WindowsCodecs.dll
0x00007ffc80f50000 - 0x00007ffc80f77000 	C:\windows\System32\bcrypt.dll
0x00007ffc78ea0000 - 0x00007ffc78ede000 	C:\windows\system32\dataexchange.dll
0x00007ffc7ca90000 - 0x00007ffc7ccf4000 	C:\windows\system32\d3d11.dll
0x00007ffc7d2c0000 - 0x00007ffc7d4a5000 	C:\windows\system32\dcomp.dll
0x00007ffc7f2e0000 - 0x00007ffc7f3d4000 	C:\windows\system32\dxgi.dll
0x00007ffc7ac70000 - 0x00007ffc7ae71000 	C:\windows\system32\twinapi.appcore.dll
0x00007ffc5c290000 - 0x00007ffc5c2b5000 	C:\Program Files\AdoptOpenJDK\jdk-11.0.11.9-hotspot\bin\sunec.dll
0x00007ffc80340000 - 0x00007ffc80358000 	C:\windows\SYSTEM32\CRYPTSP.dll
0x00007ffc7fad0000 - 0x00007ffc7fb04000 	C:\windows\system32\rsaenh.dll
0x00007ffc808d0000 - 0x00007ffc808fe000 	C:\windows\SYSTEM32\USERENV.dll
0x00007ffc80360000 - 0x00007ffc8036c000 	C:\windows\SYSTEM32\CRYPTBASE.dll
0x00007ffc7fe40000 - 0x00007ffc7fe7b000 	C:\windows\SYSTEM32\IPHLPAPI.DLL
0x00007ffc81b30000 - 0x00007ffc81b38000 	C:\windows\System32\NSI.dll
0x00007ffc784c0000 - 0x00007ffc784d7000 	C:\windows\SYSTEM32\dhcpcsvc6.DLL
0x00007ffc78400000 - 0x00007ffc7841d000 	C:\windows\SYSTEM32\dhcpcsvc.DLL
0x00007ffc7fe80000 - 0x00007ffc7ff4c000 	C:\windows\SYSTEM32\DNSAPI.dll
0x00007ffc7c0a0000 - 0x00007ffc7c0ae000 	C:\Program Files\AdoptOpenJDK\jdk-11.0.11.9-hotspot\bin\sunmscapi.dll
0x00007ffc80b20000 - 0x00007ffc80c76000 	C:\windows\System32\CRYPT32.dll
0x00007ffc804d0000 - 0x00007ffc804f7000 	C:\windows\SYSTEM32\ncrypt.dll
0x00007ffc80490000 - 0x00007ffc804cb000 	C:\windows\SYSTEM32\NTASN1.dll
0x00007ffc284f0000 - 0x00007ffc296bb000 	C:\Users\Futuristic Ltd\OneDrive\Documents\NetBeansProjects\kaa-biometrics\IDMSBiometrics\IDMSBiometrics\target\lib\x86_64-win32\morphobop.dll
0x0000000060330000 - 0x0000000060439000 	C:\windows\WinSxS\amd64_microsoft.vc80.crt_1fc8b3b9a1e18e3b_8.0.50727.9672_none_88e266cb2fac7c0d\MSVCP80.dll
0x0000000061500000 - 0x00000000615c9000 	C:\windows\WinSxS\amd64_microsoft.vc80.crt_1fc8b3b9a1e18e3b_8.0.50727.9672_none_88e266cb2fac7c0d\MSVCR80.dll
0x00007ffc81290000 - 0x00007ffc812de000 	C:\windows\System32\cfgmgr32.dll
0x0000000061160000 - 0x0000000061203000 	C:\windows\WinSxS\amd64_microsoft.vc90.crt_1fc8b3b9a1e18e3b_9.0.30729.9625_none_08e1c10da83fbc83\MSVCR90.dll

dbghelp: loaded successfully - version: 4.0.5 - missing functions: none
symbol engine: initialized successfully - sym options: 0x614 - pdb path: .;C:\Program Files\AdoptOpenJDK\jdk-11.0.11.9-hotspot\bin;C:\windows\SYSTEM32;C:\windows\WinSxS\amd64_microsoft.windows.common-controls_6595b64144ccf1df_6.0.19041.1110_none_60b5254171f9507e;C:\Program Files\AdoptOpenJDK\jdk-11.0.11.9-hotspot\bin\server;C:\Users\Futuristic Ltd\OneDrive\Documents\NetBeansProjects\kaa-biometrics\IDMSBiometrics\IDMSBiometrics\target\lib\x86_64-win32;C:\windows\WinSxS\amd64_microsoft.vc80.crt_1fc8b3b9a1e18e3b_8.0.50727.9672_none_88e266cb2fac7c0d;C:\windows\WinSxS\amd64_microsoft.vc90.crt_1fc8b3b9a1e18e3b_9.0.30729.9625_none_08e1c10da83fbc83

VM Arguments:
java_command: futuristicbio.biometrics.Welcome_Page
java_class_path (initial): C:\Users\Futuristic Ltd\OneDrive\Documents\NetBeansProjects\kaa-biometrics\IDMSBiometrics\IDMSBiometrics\target\classes;C:\Users\Futuristic Ltd\.m2\repository\flsx\flsx\1.0\flsx-1.0.jar;C:\Users\Futuristic Ltd\.m2\repository\flsxLicense\flsxLicense\1.0\flsxLicense-1.0.jar;C:\Users\Futuristic Ltd\.m2\repository\jnbis\jnbis\2.0.0\jnbis-2.0.0.jar;C:\Users\Futuristic Ltd\.m2\repository\jsch\jsch\0.1.54\jsch-0.1.54.jar;C:\Users\Futuristic Ltd\.m2\repository\mysql\mysql-connector-java\5.1.49\mysql-connector-java-5.1.49.jar;C:\Users\Futuristic Ltd\.m2\repository\morphobopapi\morphobopapi\1.0\morphobopapi-1.0.jar;C:\Users\Futuristic Ltd\.m2\repository\morphobopgui\morphobopgui\1.0\morphobopgui-1.0.jar;C:\Users\Futuristic Ltd\.m2\repository\jna\jana\4.2.2\jana-4.2.2.jar;C:\Users\Futuristic Ltd\.m2\repository\jna-platform\jna-platform\4.2.2\jna-platform-4.2.2.jar;C:\Users\Futuristic Ltd\.m2\repository\commons-io\commons-io\2.6\commons-io-2.6.jar;C:\Users\Futuristic Ltd\.m2\repository\imgscalr-lib\imgscalr-lib\4.2\imgscalr-lib-4.2.jar;C:\Users\Futuristic Ltd\.m2\repository\anarres-jnaerator\anarres-jnaerator\1.2.9\anarres-jnaerator-1.2.9.jar;C:\Users\Futuristic Ltd\.m2\repository\jackson-databind\jackson-databind\2.9.0\jackson-databind-2.9.0.jar;C:\Users\Futuristic Ltd\.m2\repository\com\fasterxml\jackson\core\jackson-core\2.9.0\jackson-core-2.9.0.jar;C:\Users\Futuristic Ltd\.m2\repository\jackson-annotation\jackson-annotation\2.9.0\jackson-annotation-2.9.0.jar;C:\Users\Futuristic Ltd\.m2\repository\org\json\json\20210307\json-20210307.jar;C:\Users\Futuristic Ltd\.m2\repository\com\toedter\jcalendar\1.4\jcalendar-1.4.jar;C:\Users\Futuristic Ltd\.m2\repository\jakarta\xml\bind\jakarta.xml.bind-api\3.0.0\jakarta.xml.bind-api-3.0.0.jar;C:\Users\Futuristic Ltd\.m2\repository\com\sun\activation\jakarta.activation\2.0.0\jakarta.activation-2.0.0.jar;C:\Users\Futuristic Ltd\.m2\repository\net\iharder\base64\2.3.8\base64-2.3.8.jar;C:\Users\Futuristic Ltd\.m
Launcher Type: SUN_STANDARD

[Global flags]
     intx CICompilerCount                          = 4                                         {product} {ergonomic}
     uint ConcGCThreads                            = 2                                         {product} {ergonomic}
     uint G1ConcRefinementThreads                  = 8                                         {product} {ergonomic}
   size_t G1HeapRegionSize                         = 1048576                                   {product} {ergonomic}
    uintx GCDrainStackTargetSize                   = 64                                        {product} {ergonomic}
   size_t InitialHeapSize                          = 132120576                                 {product} {ergonomic}
   size_t MarkStackSize                            = 4194304                                   {product} {ergonomic}
   size_t MaxHeapSize                              = 2097152000                                {product} {ergonomic}
   size_t MaxNewSize                               = 1258291200                                {product} {ergonomic}
   size_t MinHeapDeltaBytes                        = 1048576                                   {product} {ergonomic}
    uintx NonNMethodCodeHeapSize                   = 5836300                                {pd product} {ergonomic}
    uintx NonProfiledCodeHeapSize                  = 122910970                              {pd product} {ergonomic}
    uintx ProfiledCodeHeapSize                     = 122910970                              {pd product} {ergonomic}
    uintx ReservedCodeCacheSize                    = 251658240                              {pd product} {ergonomic}
     bool SegmentedCodeCache                       = true                                      {product} {ergonomic}
     bool UseCompressedClassPointers               = true                                 {lp64_product} {ergonomic}
     bool UseCompressedOops                        = true                                 {lp64_product} {ergonomic}
     bool UseG1GC                                  = true                                      {product} {ergonomic}
     bool UseLargePagesIndividualAllocation        = false                                  {pd product} {ergonomic}

Logging:
Log output configuration:
 #0: stdout all=warning uptime,level,tags
 #1: stderr all=off uptime,level,tags

Environment Variables:
JAVA_HOME=C:\Program Files\AdoptOpenJDK\jdk-11.0.11.9-hotspot
PATH=C:\Program Files\Common Files\Oracle\Java\javapath;C:\Program Files (x86)\Common Files\Oracle\Java\javapath;C:\Program Files\AdoptOpenJDK\jdk-11.0.11.9-hotspot\bin;C:\windows\system32;C:\windows;C:\windows\System32\Wbem;C:\windows\System32\WindowsPowerShell\v1.0\;C:\windows\System32\OpenSSH\;C:\Program Files\PuTTY\;C:\Program Files\Java\jre1.8.0_201\bin;C:\Program Files\TortoiseGit\bin;C:\Program Files\Git\cmd;C:\Users\Futuristic Ltd\AppData\Local\Microsoft\WindowsApps;;C:\Users\Futuristic Ltd\AppData\Local\Programs\Microsoft VS Code\bin;C:\Program Files\JetBrains\IntelliJ IDEA 2021.1.3\bin;;C:\Program Files\JetBrains\CLion 2021.2.1\bin;;C:\Program Files\BioStar 2(x64)\ve\dist\lib\bsve\dll;
USERNAME=Futuristic Ltd
OS=Windows_NT
PROCESSOR_IDENTIFIER=Intel64 Family 6 Model 142 Stepping 12, GenuineIntel



---------------  S Y S T E M  ---------------

OS: Windows 10 , 64 bit Build 19041 (10.0.19041.1202)
OS uptime: 0 days 0:29 hours

CPU:total 8 (initial active 8) (4 cores per cpu, 2 threads per core) family 6 model 142 stepping 12 microcode 0xde, cmov, cx8, fxsr, mmx, sse, sse2, sse3, ssse3, sse4.1, sse4.2, popcnt, avx, avx2, aes, clmul, erms, 3dnowpref, lzcnt, ht, tsc, tscinvbit, bmi1, bmi2, adx, fma

Memory: 4k page, system-wide physical 7995M (1002M free)
TotalPageFile size 19771M (AvailPageFile size 7152M)
current process WorkingSet (physical memory assigned to process): 185M, peak: 235M
current process commit charge ("private bytes"): 262M, peak: 311M

vm_info: OpenJDK 64-Bit Server VM (11.0.11+9) for windows-amd64 JRE (11.0.11+9), built on Apr 20 2021 21:22:09 by "" with MS VC++ 15.9 (VS2017)

END.
